[2025-03-11 11:42:04Z INFO HostContext] No proxy settings were found based on environmental variables (http_proxy/https_proxy/HTTP_PROXY/HTTPS_PROXY)
[2025-03-11 11:42:04Z INFO HostContext] Well known directory 'Bin': 'D:\Rotation-4\beachball-testing\beachball-testing\actions-runner\bin'
[2025-03-11 11:42:04Z INFO HostContext] Well known directory 'Root': 'D:\Rotation-4\beachball-testing\beachball-testing\actions-runner'
[2025-03-11 11:42:04Z INFO HostContext] Well known config file 'Credentials': 'D:\Rotation-4\beachball-testing\beachball-testing\actions-runner\.credentials'
[2025-03-11 11:42:04Z INFO HostContext] Well known directory 'Bin': 'D:\Rotation-4\beachball-testing\beachball-testing\actions-runner\bin'
[2025-03-11 11:42:04Z INFO HostContext] Well known directory 'Root': 'D:\Rotation-4\beachball-testing\beachball-testing\actions-runner'
[2025-03-11 11:42:04Z INFO HostContext] Well known config file 'Runner': 'D:\Rotation-4\beachball-testing\beachball-testing\actions-runner\.runner'
[2025-03-11 11:42:04Z INFO Listener] Runner is built for Windows (X64) - win-x64.
[2025-03-11 11:42:04Z INFO Listener] RuntimeInformation: Microsoft Windows 10.0.26100.
[2025-03-11 11:42:04Z INFO Listener] Version: 2.322.0
[2025-03-11 11:42:04Z INFO Listener] Commit: 0edc478ca75d0a753dcbcec7405f3f26db67b1ac
[2025-03-11 11:42:04Z INFO Listener] Culture: en-IN
[2025-03-11 11:42:04Z INFO Listener] UI Culture: en-US
[2025-03-11 11:42:04Z INFO HostContext] Well known directory 'Bin': 'D:\Rotation-4\beachball-testing\beachball-testing\actions-runner\bin'
[2025-03-11 11:42:04Z INFO HostContext] Well known directory 'Root': 'D:\Rotation-4\beachball-testing\beachball-testing\actions-runner'
[2025-03-11 11:42:04Z INFO Listener] Validating directory permissions for: 'D:\Rotation-4\beachball-testing\beachball-testing\actions-runner'
[2025-03-11 11:42:04Z INFO CommandLineParser] Parse
[2025-03-11 11:42:04Z INFO CommandLineParser] Parsing 5 args
[2025-03-11 11:42:04Z INFO CommandLineParser] parsing argument
[2025-03-11 11:42:04Z INFO CommandLineParser] HasArgs: False
[2025-03-11 11:42:04Z INFO CommandLineParser] Adding Command: configure
[2025-03-11 11:42:04Z INFO CommandLineParser] parsing argument
[2025-03-11 11:42:04Z INFO CommandLineParser] HasArgs: True
[2025-03-11 11:42:04Z INFO CommandLineParser] arg: url
[2025-03-11 11:42:04Z INFO CommandLineParser] parsing argument
[2025-03-11 11:42:04Z INFO CommandLineParser] HasArgs: True
[2025-03-11 11:42:04Z INFO CommandLineParser] Adding option 'url': 'https://github.com/dp-test-org-1/beachball-testing'
[2025-03-11 11:42:04Z INFO CommandLineParser] parsing argument
[2025-03-11 11:42:04Z INFO CommandLineParser] HasArgs: True
[2025-03-11 11:42:04Z INFO CommandLineParser] arg: token
[2025-03-11 11:42:04Z INFO CommandLineParser] parsing argument
[2025-03-11 11:42:04Z INFO CommandLineParser] HasArgs: True
[2025-03-11 11:42:04Z INFO CommandLineParser] Adding option 'token': '***'
[2025-03-11 11:42:04Z INFO Listener] Arguments parsed
[2025-03-11 11:42:04Z INFO Runner] ExecuteCommand
[2025-03-11 11:42:04Z INFO ConfigurationStore] currentAssemblyLocation: D:\Rotation-4\beachball-testing\beachball-testing\actions-runner\bin\Runner.Listener.dll
[2025-03-11 11:42:04Z INFO HostContext] Well known directory 'Bin': 'D:\Rotation-4\beachball-testing\beachball-testing\actions-runner\bin'
[2025-03-11 11:42:04Z INFO ConfigurationStore] binPath: D:\Rotation-4\beachball-testing\beachball-testing\actions-runner\bin
[2025-03-11 11:42:04Z INFO HostContext] Well known directory 'Bin': 'D:\Rotation-4\beachball-testing\beachball-testing\actions-runner\bin'
[2025-03-11 11:42:04Z INFO HostContext] Well known directory 'Root': 'D:\Rotation-4\beachball-testing\beachball-testing\actions-runner'
[2025-03-11 11:42:04Z INFO ConfigurationStore] RootFolder: D:\Rotation-4\beachball-testing\beachball-testing\actions-runner
[2025-03-11 11:42:04Z INFO HostContext] Well known directory 'Bin': 'D:\Rotation-4\beachball-testing\beachball-testing\actions-runner\bin'
[2025-03-11 11:42:04Z INFO HostContext] Well known directory 'Root': 'D:\Rotation-4\beachball-testing\beachball-testing\actions-runner'
[2025-03-11 11:42:04Z INFO HostContext] Well known config file 'Runner': 'D:\Rotation-4\beachball-testing\beachball-testing\actions-runner\.runner'
[2025-03-11 11:42:04Z INFO ConfigurationStore] ConfigFilePath: D:\Rotation-4\beachball-testing\beachball-testing\actions-runner\.runner
[2025-03-11 11:42:04Z INFO HostContext] Well known directory 'Bin': 'D:\Rotation-4\beachball-testing\beachball-testing\actions-runner\bin'
[2025-03-11 11:42:04Z INFO HostContext] Well known directory 'Root': 'D:\Rotation-4\beachball-testing\beachball-testing\actions-runner'
[2025-03-11 11:42:04Z INFO HostContext] Well known config file 'Credentials': 'D:\Rotation-4\beachball-testing\beachball-testing\actions-runner\.credentials'
[2025-03-11 11:42:04Z INFO ConfigurationStore] CredFilePath: D:\Rotation-4\beachball-testing\beachball-testing\actions-runner\.credentials
[2025-03-11 11:42:04Z INFO HostContext] Well known directory 'Bin': 'D:\Rotation-4\beachball-testing\beachball-testing\actions-runner\bin'
[2025-03-11 11:42:04Z INFO HostContext] Well known directory 'Root': 'D:\Rotation-4\beachball-testing\beachball-testing\actions-runner'
[2025-03-11 11:42:04Z INFO HostContext] Well known config file 'MigratedCredentials': 'D:\Rotation-4\beachball-testing\beachball-testing\actions-runner\.credentials_migrated'
[2025-03-11 11:42:04Z INFO ConfigurationStore] MigratedCredFilePath: D:\Rotation-4\beachball-testing\beachball-testing\actions-runner\.credentials_migrated
[2025-03-11 11:42:04Z INFO HostContext] Well known directory 'Bin': 'D:\Rotation-4\beachball-testing\beachball-testing\actions-runner\bin'
[2025-03-11 11:42:04Z INFO HostContext] Well known directory 'Root': 'D:\Rotation-4\beachball-testing\beachball-testing\actions-runner'
[2025-03-11 11:42:04Z INFO HostContext] Well known config file 'Service': 'D:\Rotation-4\beachball-testing\beachball-testing\actions-runner\.service'
[2025-03-11 11:42:04Z INFO ConfigurationStore] ServiceConfigFilePath: D:\Rotation-4\beachball-testing\beachball-testing\actions-runner\.service
[2025-03-11 11:42:04Z INFO CommandSettings] Flag 'help': 'False'
[2025-03-11 11:42:04Z INFO CommandSettings] Flag 'version': 'False'
[2025-03-11 11:42:04Z INFO CommandSettings] Flag 'commit': 'False'
[2025-03-11 11:42:04Z INFO CommandSettings] Flag 'check': 'False'
[2025-03-11 11:42:04Z INFO CommandSettings] Command 'configure': 'True'
[2025-03-11 11:42:04Z INFO Terminal] WRITE LINE: 
[2025-03-11 11:42:04Z INFO Terminal] WRITE LINE: --------------------------------------------------------------------------------
[2025-03-11 11:42:04Z INFO Terminal] WRITE LINE: |        ____ _ _   _   _       _          _        _   _                      |
[2025-03-11 11:42:04Z INFO Terminal] WRITE LINE: |       / ___(_) |_| | | |_   _| |__      / \   ___| |_(_) ___  _ __  ___      |
[2025-03-11 11:42:04Z INFO Terminal] WRITE LINE: |      | |  _| | __| |_| | | | | '_ \    / _ \ / __| __| |/ _ \| '_ \/ __|     |
[2025-03-11 11:42:04Z INFO Terminal] WRITE LINE: |      | |_| | | |_|  _  | |_| | |_) |  / ___ \ (__| |_| | (_) | | | \__ \     |
[2025-03-11 11:42:04Z INFO Terminal] WRITE LINE: |       \____|_|\__|_| |_|\__,_|_.__/  /_/   \_\___|\__|_|\___/|_| |_|___/     |
[2025-03-11 11:42:04Z INFO Terminal] WRITE LINE: |                                                                              |
[2025-03-11 11:42:04Z INFO Terminal] WRITE: |                       
[2025-03-11 11:42:04Z INFO Terminal] WRITE: Self-hosted runner registration
[2025-03-11 11:42:04Z INFO Terminal] WRITE LINE:                         |
[2025-03-11 11:42:04Z INFO Terminal] WRITE LINE: |                                                                              |
[2025-03-11 11:42:04Z INFO Terminal] WRITE LINE: --------------------------------------------------------------------------------
[2025-03-11 11:42:04Z INFO ConfigurationManager] ConfigureAsync
[2025-03-11 11:42:04Z INFO CommandSettings] Flag 'generateServiceConfig': 'False'
[2025-03-11 11:42:04Z INFO ConfigurationStore] IsConfigured()
[2025-03-11 11:42:04Z INFO ConfigurationStore] IsConfigured: False
[2025-03-11 11:42:04Z INFO ConfigurationManager] Is configured: False
[2025-03-11 11:42:04Z INFO CommandSettings] Arg 'url': 'https://github.com/dp-test-org-1/beachball-testing'
[2025-03-11 11:42:04Z INFO CommandSettings] Remove url from Arg dictionary.
[2025-03-11 11:42:04Z INFO CommandSettings] Arg 'token': '***'
[2025-03-11 11:42:04Z INFO CommandSettings] Remove token from Arg dictionary.
[2025-03-11 11:42:05Z INFO ConfigurationManager] Http response code: OK from 'POST https://api.github.com/actions/runner-registration' (69CD:1545CB:4A74A1:5B1A51:67D0218D)
[2025-03-11 11:42:05Z INFO ConfigurationManager] Using V2 flow: False
[2025-03-11 11:42:05Z INFO ConfigurationManager] cred retrieved via GitHub auth
[2025-03-11 11:42:05Z INFO RunnerServer] EstablishVssConnection
[2025-03-11 11:42:05Z INFO RunnerServer] Establish connection with 100 seconds timeout.
[2025-03-11 11:42:06Z INFO GitHubActionsService] Starting operation Location.GetConnectionData
[2025-03-11 11:42:06Z INFO RunnerServer] EstablishVssConnection
[2025-03-11 11:42:06Z INFO RunnerServer] Establish connection with 60 seconds timeout.
[2025-03-11 11:42:06Z INFO GitHubActionsService] Starting operation Location.GetConnectionData
[2025-03-11 11:42:06Z INFO RunnerServer] EstablishVssConnection
[2025-03-11 11:42:06Z INFO RunnerServer] Establish connection with 60 seconds timeout.
[2025-03-11 11:42:06Z INFO GitHubActionsService] Starting operation Location.GetConnectionData
[2025-03-11 11:42:07Z INFO GitHubActionsService] Finished operation Location.GetConnectionData
[2025-03-11 11:42:07Z INFO GitHubActionsService] Finished operation Location.GetConnectionData
[2025-03-11 11:42:07Z INFO GitHubActionsService] Finished operation Location.GetConnectionData
[2025-03-11 11:42:07Z INFO Terminal] WRITE LINE: 
[2025-03-11 11:42:07Z INFO ConfigurationManager] Test Connection complete.
[2025-03-11 11:42:07Z INFO HostContext] Well known directory 'Bin': 'D:\Rotation-4\beachball-testing\beachball-testing\actions-runner\bin'
[2025-03-11 11:42:07Z INFO HostContext] Well known directory 'Root': 'D:\Rotation-4\beachball-testing\beachball-testing\actions-runner'
[2025-03-11 11:42:07Z INFO HostContext] Well known config file 'RSACredentials': 'D:\Rotation-4\beachball-testing\beachball-testing\actions-runner\.credentials_rsaparams'
[2025-03-11 11:42:07Z INFO RSAEncryptedFileKeyManager] Creating new RSA key using 2048-bit key length
[2025-03-11 11:42:07Z INFO RSAEncryptedFileKeyManager] Successfully saved RSA key parameters to file D:\Rotation-4\beachball-testing\beachball-testing\actions-runner\.credentials_rsaparams
[2025-03-11 11:42:07Z INFO CommandSettings] Arg 'runnergroup': ''
[2025-03-11 11:42:07Z INFO CommandSettings] Flag 'unattended': 'False'
[2025-03-11 11:42:07Z INFO PromptManager] ReadValue
[2025-03-11 11:42:07Z INFO Terminal] WRITE: Enter the name of the runner group to add this runner to: 
[2025-03-11 11:42:07Z INFO Terminal] WRITE: [press Enter for Default] 
[2025-03-11 11:42:07Z INFO Terminal] READ LINE
[2025-03-11 11:42:14Z INFO Terminal] Read value: ''
[2025-03-11 11:42:14Z INFO PromptManager] Falling back to the default: 'Default'
[2025-03-11 11:42:14Z INFO Terminal] WRITE LINE: 
[2025-03-11 11:42:14Z INFO ConfigurationManager] Found a self-hosted runner group with id 1 and name Default
[2025-03-11 11:42:14Z INFO CommandSettings] Flag 'disableupdate': 'False'
[2025-03-11 11:42:14Z INFO CommandSettings] Flag 'ephemeral': 'False'
[2025-03-11 11:42:14Z INFO CommandSettings] Arg 'name': ''
[2025-03-11 11:42:14Z INFO CommandSettings] Flag 'unattended': 'False'
[2025-03-11 11:42:14Z INFO PromptManager] ReadValue
[2025-03-11 11:42:14Z INFO Terminal] WRITE: Enter the name of runner: 
[2025-03-11 11:42:14Z INFO Terminal] WRITE: [press Enter for ASIA43012] 
[2025-03-11 11:42:14Z INFO Terminal] READ LINE
[2025-03-11 11:42:29Z INFO Terminal] Read value: 'Aditya Kavale'
[2025-03-11 11:42:29Z INFO Terminal] WRITE LINE: 
[2025-03-11 11:42:29Z INFO CommandSettings] Arg 'labels': ''
[2025-03-11 11:42:29Z INFO CommandSettings] Flag 'unattended': 'False'
[2025-03-11 11:42:29Z INFO PromptManager] ReadValue
[2025-03-11 11:42:29Z INFO Terminal] WRITE: This runner will have the following labels: 'self-hosted', 'Windows', 'X64' 
Enter any additional labels (ex. label-1,label-2): 
[2025-03-11 11:42:29Z INFO Terminal] WRITE: [press Enter to skip] 
[2025-03-11 11:42:29Z INFO Terminal] READ LINE
[2025-03-11 11:42:43Z INFO Terminal] Read value: ''
[2025-03-11 11:42:43Z INFO Terminal] WRITE LINE: 
[2025-03-11 11:42:43Z INFO CommandSettings] Flag 'disableupdate': 'False'
[2025-03-11 11:42:43Z INFO CommandSettings] Flag 'no-default-labels': 'False'
[2025-03-11 11:42:44Z INFO CommandSettings] Flag 'disableupdate': 'False'
[2025-03-11 11:42:44Z INFO CommandSettings] Flag 'ephemeral': 'False'
[2025-03-11 11:42:44Z INFO ConfigurationStore] Saving OAuth credential @ D:\Rotation-4\beachball-testing\beachball-testing\actions-runner\.credentials
[2025-03-11 11:42:44Z INFO ConfigurationStore] Credentials Saved.
[2025-03-11 11:42:44Z INFO ConfigurationStore] HasCredentials()
[2025-03-11 11:42:44Z INFO ConfigurationStore] stored True
[2025-03-11 11:42:44Z INFO CredentialManager] GetCredentialProvider
[2025-03-11 11:42:44Z INFO CredentialManager] Creating type OAuth
[2025-03-11 11:42:44Z INFO CredentialManager] Creating credential type: OAuth
[2025-03-11 11:42:44Z INFO RSAEncryptedFileKeyManager] Loading RSA key parameters from file D:\Rotation-4\beachball-testing\beachball-testing\actions-runner\.credentials_rsaparams
[2025-03-11 11:42:44Z INFO RunnerServer] EstablishVssConnection
[2025-03-11 11:42:44Z INFO RunnerServer] Establish connection with 100 seconds timeout.
[2025-03-11 11:42:44Z INFO GitHubActionsService] Starting operation Location.GetConnectionData
[2025-03-11 11:42:44Z INFO RunnerServer] EstablishVssConnection
[2025-03-11 11:42:44Z INFO RunnerServer] Establish connection with 60 seconds timeout.
[2025-03-11 11:42:44Z INFO GitHubActionsService] Starting operation Location.GetConnectionData
[2025-03-11 11:42:44Z INFO RunnerServer] EstablishVssConnection
[2025-03-11 11:42:44Z INFO RunnerServer] Establish connection with 60 seconds timeout.
[2025-03-11 11:42:44Z INFO GitHubActionsService] Starting operation Location.GetConnectionData
[2025-03-11 11:42:44Z INFO GitHubActionsService] Finished operation Location.GetConnectionData
[2025-03-11 11:42:45Z INFO GitHubActionsService] Finished operation Location.GetConnectionData
[2025-03-11 11:42:45Z INFO GitHubActionsService] Finished operation Location.GetConnectionData
[2025-03-11 11:42:45Z INFO RSAEncryptedFileKeyManager] Loading RSA key parameters from file D:\Rotation-4\beachball-testing\beachball-testing\actions-runner\.credentials_rsaparams
[2025-03-11 11:42:45Z INFO RSAEncryptedFileKeyManager] Loading RSA key parameters from file D:\Rotation-4\beachball-testing\beachball-testing\actions-runner\.credentials_rsaparams
[2025-03-11 11:42:46Z INFO GitHubActionsService] AAD Correlation ID for this token request: Unknown
[2025-03-11 11:42:46Z INFO CommandSettings] Arg 'work': ''
[2025-03-11 11:42:46Z INFO CommandSettings] Flag 'unattended': 'False'
[2025-03-11 11:42:46Z INFO PromptManager] ReadValue
[2025-03-11 11:42:46Z INFO Terminal] WRITE: Enter name of work folder: 
[2025-03-11 11:42:46Z INFO Terminal] WRITE: [press Enter for _work] 
[2025-03-11 11:42:46Z INFO Terminal] READ LINE
[2025-03-11 11:43:25Z INFO Terminal] Read value: ''
[2025-03-11 11:43:25Z INFO PromptManager] Falling back to the default: '_work'
[2025-03-11 11:43:25Z INFO ConfigurationStore] Saving runner settings.
[2025-03-11 11:43:25Z INFO ConfigurationStore] Settings Saved.
[2025-03-11 11:43:25Z INFO Terminal] WRITE LINE: 
[2025-03-11 11:43:25Z INFO Terminal] WRITE LINE: 
[2025-03-11 11:43:25Z INFO CommandSettings] Flag 'runasservice': 'False'
[2025-03-11 11:43:25Z INFO CommandSettings] Flag 'unattended': 'False'
[2025-03-11 11:43:25Z INFO PromptManager] ReadValue
[2025-03-11 11:43:25Z INFO Terminal] WRITE: Would you like to run the runner as service? (Y/N) 
[2025-03-11 11:43:25Z INFO Terminal] WRITE: [press Enter for N] 
[2025-03-11 11:43:25Z INFO Terminal] READ LINE
[2025-03-11 11:43:32Z INFO Terminal] Read value: ''
[2025-03-11 11:43:32Z INFO PromptManager] Falling back to the default: 'N'
[2025-03-11 11:43:32Z INFO Listener] Runner execution has finished with return code 0
