[2025-03-11 11:48:11Z INFO HostContext] No proxy settings were found based on environmental variables (http_proxy/https_proxy/HTTP_PROXY/HTTPS_PROXY)
[2025-03-11 11:48:11Z INFO HostContext] Well known directory 'Bin': 'D:\Rotation-4\beachball-testing\beachball-testing\actions-runner\bin'
[2025-03-11 11:48:11Z INFO HostContext] Well known directory 'Root': 'D:\Rotation-4\beachball-testing\beachball-testing\actions-runner'
[2025-03-11 11:48:11Z INFO HostContext] Well known config file 'Credentials': 'D:\Rotation-4\beachball-testing\beachball-testing\actions-runner\.credentials'
[2025-03-11 11:48:11Z INFO HostContext] Well known directory 'Bin': 'D:\Rotation-4\beachball-testing\beachball-testing\actions-runner\bin'
[2025-03-11 11:48:11Z INFO HostContext] Well known directory 'Root': 'D:\Rotation-4\beachball-testing\beachball-testing\actions-runner'
[2025-03-11 11:48:11Z INFO HostContext] Well known config file 'Runner': 'D:\Rotation-4\beachball-testing\beachball-testing\actions-runner\.runner'
[2025-03-11 11:48:11Z INFO Listener] Runner is built for Windows (X64) - win-x64.
[2025-03-11 11:48:11Z INFO Listener] RuntimeInformation: Microsoft Windows 10.0.26100.
[2025-03-11 11:48:11Z INFO Listener] Version: 2.322.0
[2025-03-11 11:48:11Z INFO Listener] Commit: 0edc478ca75d0a753dcbcec7405f3f26db67b1ac
[2025-03-11 11:48:11Z INFO Listener] Culture: en-IN
[2025-03-11 11:48:11Z INFO Listener] UI Culture: en-US
[2025-03-11 11:48:11Z INFO HostContext] Well known directory 'Bin': 'D:\Rotation-4\beachball-testing\beachball-testing\actions-runner\bin'
[2025-03-11 11:48:11Z INFO HostContext] Well known directory 'Root': 'D:\Rotation-4\beachball-testing\beachball-testing\actions-runner'
[2025-03-11 11:48:11Z INFO Listener] Validating directory permissions for: 'D:\Rotation-4\beachball-testing\beachball-testing\actions-runner'
[2025-03-11 11:48:11Z INFO CommandLineParser] Parse
[2025-03-11 11:48:11Z INFO CommandLineParser] Parsing 1 args
[2025-03-11 11:48:11Z INFO CommandLineParser] parsing argument
[2025-03-11 11:48:11Z INFO CommandLineParser] HasArgs: False
[2025-03-11 11:48:11Z INFO CommandLineParser] Adding Command: run
[2025-03-11 11:48:11Z INFO Listener] Arguments parsed
[2025-03-11 11:48:11Z INFO Runner] ExecuteCommand
[2025-03-11 11:48:11Z INFO ConfigurationStore] currentAssemblyLocation: D:\Rotation-4\beachball-testing\beachball-testing\actions-runner\bin\Runner.Listener.dll
[2025-03-11 11:48:11Z INFO HostContext] Well known directory 'Bin': 'D:\Rotation-4\beachball-testing\beachball-testing\actions-runner\bin'
[2025-03-11 11:48:11Z INFO ConfigurationStore] binPath: D:\Rotation-4\beachball-testing\beachball-testing\actions-runner\bin
[2025-03-11 11:48:11Z INFO HostContext] Well known directory 'Bin': 'D:\Rotation-4\beachball-testing\beachball-testing\actions-runner\bin'
[2025-03-11 11:48:11Z INFO HostContext] Well known directory 'Root': 'D:\Rotation-4\beachball-testing\beachball-testing\actions-runner'
[2025-03-11 11:48:11Z INFO ConfigurationStore] RootFolder: D:\Rotation-4\beachball-testing\beachball-testing\actions-runner
[2025-03-11 11:48:11Z INFO HostContext] Well known directory 'Bin': 'D:\Rotation-4\beachball-testing\beachball-testing\actions-runner\bin'
[2025-03-11 11:48:11Z INFO HostContext] Well known directory 'Root': 'D:\Rotation-4\beachball-testing\beachball-testing\actions-runner'
[2025-03-11 11:48:11Z INFO HostContext] Well known config file 'Runner': 'D:\Rotation-4\beachball-testing\beachball-testing\actions-runner\.runner'
[2025-03-11 11:48:11Z INFO ConfigurationStore] ConfigFilePath: D:\Rotation-4\beachball-testing\beachball-testing\actions-runner\.runner
[2025-03-11 11:48:11Z INFO HostContext] Well known directory 'Bin': 'D:\Rotation-4\beachball-testing\beachball-testing\actions-runner\bin'
[2025-03-11 11:48:11Z INFO HostContext] Well known directory 'Root': 'D:\Rotation-4\beachball-testing\beachball-testing\actions-runner'
[2025-03-11 11:48:11Z INFO HostContext] Well known config file 'Credentials': 'D:\Rotation-4\beachball-testing\beachball-testing\actions-runner\.credentials'
[2025-03-11 11:48:11Z INFO ConfigurationStore] CredFilePath: D:\Rotation-4\beachball-testing\beachball-testing\actions-runner\.credentials
[2025-03-11 11:48:11Z INFO HostContext] Well known directory 'Bin': 'D:\Rotation-4\beachball-testing\beachball-testing\actions-runner\bin'
[2025-03-11 11:48:11Z INFO HostContext] Well known directory 'Root': 'D:\Rotation-4\beachball-testing\beachball-testing\actions-runner'
[2025-03-11 11:48:11Z INFO HostContext] Well known config file 'MigratedCredentials': 'D:\Rotation-4\beachball-testing\beachball-testing\actions-runner\.credentials_migrated'
[2025-03-11 11:48:11Z INFO ConfigurationStore] MigratedCredFilePath: D:\Rotation-4\beachball-testing\beachball-testing\actions-runner\.credentials_migrated
[2025-03-11 11:48:11Z INFO HostContext] Well known directory 'Bin': 'D:\Rotation-4\beachball-testing\beachball-testing\actions-runner\bin'
[2025-03-11 11:48:11Z INFO HostContext] Well known directory 'Root': 'D:\Rotation-4\beachball-testing\beachball-testing\actions-runner'
[2025-03-11 11:48:11Z INFO HostContext] Well known config file 'Service': 'D:\Rotation-4\beachball-testing\beachball-testing\actions-runner\.service'
[2025-03-11 11:48:11Z INFO ConfigurationStore] ServiceConfigFilePath: D:\Rotation-4\beachball-testing\beachball-testing\actions-runner\.service
[2025-03-11 11:48:11Z INFO CommandSettings] Flag 'help': 'False'
[2025-03-11 11:48:11Z INFO CommandSettings] Flag 'version': 'False'
[2025-03-11 11:48:11Z INFO CommandSettings] Flag 'commit': 'False'
[2025-03-11 11:48:11Z INFO CommandSettings] Flag 'check': 'False'
[2025-03-11 11:48:11Z INFO CommandSettings] Command 'configure': 'False'
[2025-03-11 11:48:11Z INFO CommandSettings] Command 'remove': 'False'
[2025-03-11 11:48:11Z INFO CommandSettings] Command 'warmup': 'False'
[2025-03-11 11:48:11Z INFO ConfigurationManager] LoadSettings
[2025-03-11 11:48:11Z INFO ConfigurationStore] IsConfigured()
[2025-03-11 11:48:11Z INFO ConfigurationStore] IsConfigured: True
[2025-03-11 11:48:11Z INFO ConfigurationManager] Is configured: True
[2025-03-11 11:48:11Z INFO ConfigurationStore] Read setting file: 319 chars
[2025-03-11 11:48:11Z INFO ConfigurationManager] Settings Loaded
[2025-03-11 11:48:11Z INFO ConfigurationStore] IsServiceConfigured()
[2025-03-11 11:48:11Z INFO ConfigurationStore] IsServiceConfigured: False
[2025-03-11 11:48:11Z INFO CommandSettings] Command 'run': 'True'
[2025-03-11 11:48:11Z INFO ConfigurationStore] IsConfigured()
[2025-03-11 11:48:11Z INFO ConfigurationStore] IsConfigured: True
[2025-03-11 11:48:11Z INFO ConfigurationManager] Is configured: True
[2025-03-11 11:48:11Z INFO Runner] Could not parse the argument value '' for StartupType. Defaulting to Manual
[2025-03-11 11:48:11Z INFO Runner] Set runner startup type - Manual
[2025-03-11 11:48:11Z INFO CommandSettings] Flag 'once': 'False'
[2025-03-11 11:48:11Z INFO CommandSettings] Flag 'once': 'False'
[2025-03-11 11:48:11Z INFO Runner] RunAsync
[2025-03-11 11:48:11Z INFO ConfigurationManager] LoadSettings
[2025-03-11 11:48:11Z INFO ConfigurationStore] IsConfigured()
[2025-03-11 11:48:11Z INFO ConfigurationStore] IsConfigured: True
[2025-03-11 11:48:11Z INFO ConfigurationManager] Is configured: True
[2025-03-11 11:48:11Z INFO ConfigurationManager] Settings Loaded
[2025-03-11 11:48:11Z INFO MessageListener] {
  "AgentId": 21,
  "AgentName": "Aditya Kavale",
  "PoolId": 1,
  "PoolName": "Default",
  "ServerUrl": "https://pipelinesghubeus3.actions.githubusercontent.com/q5Gerjeupf3MOns6QsdTmmiTDcAQM41uY05YRC1UuUIGI1MOmd/",
  "GitHubUrl": "https://github.com/dp-test-org-1/beachball-testing",
  "WorkFolder": "_work"
}
[2025-03-11 11:48:11Z INFO MessageListener] Loading Credentials
[2025-03-11 11:48:11Z INFO ConfigurationStore] HasCredentials()
[2025-03-11 11:48:11Z INFO ConfigurationStore] stored True
[2025-03-11 11:48:11Z INFO CredentialManager] GetCredentialProvider
[2025-03-11 11:48:11Z INFO CredentialManager] Creating type OAuth
[2025-03-11 11:48:11Z INFO CredentialManager] Creating credential type: OAuth
[2025-03-11 11:48:11Z INFO HostContext] Well known directory 'Bin': 'D:\Rotation-4\beachball-testing\beachball-testing\actions-runner\bin'
[2025-03-11 11:48:11Z INFO HostContext] Well known directory 'Root': 'D:\Rotation-4\beachball-testing\beachball-testing\actions-runner'
[2025-03-11 11:48:11Z INFO HostContext] Well known config file 'RSACredentials': 'D:\Rotation-4\beachball-testing\beachball-testing\actions-runner\.credentials_rsaparams'
[2025-03-11 11:48:11Z INFO RSAEncryptedFileKeyManager] Loading RSA key parameters from file D:\Rotation-4\beachball-testing\beachball-testing\actions-runner\.credentials_rsaparams
[2025-03-11 11:48:11Z INFO MessageListener] Attempt to create session.
[2025-03-11 11:48:11Z INFO MessageListener] Connecting to the Runner Server...
[2025-03-11 11:48:11Z INFO RunnerServer] EstablishVssConnection
[2025-03-11 11:48:11Z INFO RunnerServer] Establish connection with 100 seconds timeout.
[2025-03-11 11:48:11Z INFO GitHubActionsService] Starting operation Location.GetConnectionData
[2025-03-11 11:48:11Z INFO RunnerServer] EstablishVssConnection
[2025-03-11 11:48:11Z INFO RunnerServer] Establish connection with 60 seconds timeout.
[2025-03-11 11:48:11Z INFO GitHubActionsService] Starting operation Location.GetConnectionData
[2025-03-11 11:48:11Z INFO RunnerServer] EstablishVssConnection
[2025-03-11 11:48:11Z INFO RunnerServer] Establish connection with 60 seconds timeout.
[2025-03-11 11:48:11Z INFO GitHubActionsService] Starting operation Location.GetConnectionData
[2025-03-11 11:48:12Z INFO GitHubActionsService] Finished operation Location.GetConnectionData
[2025-03-11 11:48:12Z INFO GitHubActionsService] Finished operation Location.GetConnectionData
[2025-03-11 11:48:12Z INFO GitHubActionsService] Finished operation Location.GetConnectionData
[2025-03-11 11:48:13Z INFO MessageListener] VssConnection created
[2025-03-11 11:48:13Z INFO Terminal] WRITE LINE: 
[2025-03-11 11:48:13Z INFO Terminal] WRITE LINE: 
[2025-03-11 11:48:13Z INFO RSAEncryptedFileKeyManager] Loading RSA key parameters from file D:\Rotation-4\beachball-testing\beachball-testing\actions-runner\.credentials_rsaparams
[2025-03-11 11:48:13Z INFO RSAEncryptedFileKeyManager] Loading RSA key parameters from file D:\Rotation-4\beachball-testing\beachball-testing\actions-runner\.credentials_rsaparams
[2025-03-11 11:48:14Z INFO GitHubActionsService] AAD Correlation ID for this token request: Unknown
[2025-03-11 11:48:14Z INFO MessageListener] Session created.
[2025-03-11 11:48:14Z INFO Terminal] WRITE LINE: Current runner version: '2.322.0'
[2025-03-11 11:48:14Z INFO Terminal] WRITE LINE: 2025-03-11 11:48:14Z: Listening for Jobs
[2025-03-11 11:48:14Z INFO JobDispatcher] Set runner/worker IPC timeout to 30 seconds.
[2025-03-11 11:48:14Z INFO RSAEncryptedFileKeyManager] Loading RSA key parameters from file D:\Rotation-4\beachball-testing\beachball-testing\actions-runner\.credentials_rsaparams
[2025-03-11 11:48:15Z INFO GitHubActionsService] AAD Correlation ID for this token request: Unknown
[2025-03-11 11:48:37Z INFO MessageListener] Message '5984327771784297217' received from session 'f6f9bc16-5f83-424d-be75-723736021be9'.
[2025-03-11 11:48:37Z INFO ConfigurationStore] HasCredentials()
[2025-03-11 11:48:37Z INFO ConfigurationStore] stored True
[2025-03-11 11:48:37Z INFO CredentialManager] GetCredentialProvider
[2025-03-11 11:48:37Z INFO CredentialManager] Creating type OAuth
[2025-03-11 11:48:37Z INFO CredentialManager] Creating credential type: OAuth
[2025-03-11 11:48:37Z INFO RSAEncryptedFileKeyManager] Loading RSA key parameters from file D:\Rotation-4\beachball-testing\beachball-testing\actions-runner\.credentials_rsaparams
[2025-03-11 11:48:37Z INFO ActionsRunServer] EstablishVssConnection
[2025-03-11 11:48:37Z INFO ActionsRunServer] Establish connection with 100 seconds timeout.
[2025-03-11 11:48:37Z INFO GitHubActionsService] Starting operation Location.GetConnectionData
[2025-03-11 11:48:38Z INFO GitHubActionsService] Finished operation Location.GetConnectionData
[2025-03-11 11:48:38Z INFO RSAEncryptedFileKeyManager] Loading RSA key parameters from file D:\Rotation-4\beachball-testing\beachball-testing\actions-runner\.credentials_rsaparams
[2025-03-11 11:48:38Z INFO RSAEncryptedFileKeyManager] Loading RSA key parameters from file D:\Rotation-4\beachball-testing\beachball-testing\actions-runner\.credentials_rsaparams
[2025-03-11 11:48:39Z INFO GitHubActionsService] AAD Correlation ID for this token request: Unknown
[2025-03-11 11:48:39Z INFO JobDispatcher] Job request 41 for plan 60f2a319-16ac-4052-9cb1-0d42714cfb4c job ef0b5876-51d0-5ce5-80b6-933607afbc0c received.
[2025-03-11 11:48:39Z INFO JobDispatcher] Pull OrchestrationId 60f2a319-16ac-4052-9cb1-0d42714cfb4c.check-user.__default from JWT claims
[2025-03-11 11:48:39Z INFO MessageListener] Received job status event. JobState: Busy
[2025-03-11 11:48:39Z INFO MessageListener] _getMessagesTokenSource is already disposed.
[2025-03-11 11:48:39Z INFO Terminal] WRITE LINE: 2025-03-11 11:48:39Z: Running job: check-user
[2025-03-11 11:48:39Z INFO JobDispatcher] Start renew job request 41 for job ef0b5876-51d0-5ce5-80b6-933607afbc0c.
[2025-03-11 11:48:40Z INFO JobDispatcher] Successfully renew job request 41, job is valid till 11-03-2025 11:58:39
[2025-03-11 11:48:40Z INFO HostContext] Well known directory 'Bin': 'D:\Rotation-4\beachball-testing\beachball-testing\actions-runner\bin'
[2025-03-11 11:48:40Z INFO ProcessInvokerWrapper] Starting process:
[2025-03-11 11:48:40Z INFO ProcessInvokerWrapper]   File name: 'D:\Rotation-4\beachball-testing\beachball-testing\actions-runner\bin\Runner.Worker.exe'
[2025-03-11 11:48:40Z INFO ProcessInvokerWrapper]   Arguments: 'spawnclient 1936 2176'
[2025-03-11 11:48:40Z INFO ProcessInvokerWrapper]   Working directory: 'D:\Rotation-4\beachball-testing\beachball-testing\actions-runner\bin'
[2025-03-11 11:48:40Z INFO ProcessInvokerWrapper]   Require exit code zero: 'False'
[2025-03-11 11:48:40Z INFO ProcessInvokerWrapper]   Encoding web name:  ; code page: ''
[2025-03-11 11:48:40Z INFO ProcessInvokerWrapper]   Force kill process on cancellation: 'True'
[2025-03-11 11:48:40Z INFO ProcessInvokerWrapper]   Redirected STDIN: 'False'
[2025-03-11 11:48:40Z INFO ProcessInvokerWrapper]   Persist current code page: 'False'
[2025-03-11 11:48:40Z INFO ProcessInvokerWrapper]   Keep redirected STDIN open: 'False'
[2025-03-11 11:48:40Z INFO ProcessInvokerWrapper]   High priority process: 'True'
[2025-03-11 11:48:40Z INFO ProcessInvokerWrapper] Process started with process id 15492, waiting for process exit.
[2025-03-11 11:48:40Z INFO JobDispatcher] Send job request message to worker for job ef0b5876-51d0-5ce5-80b6-933607afbc0c.
[2025-03-11 11:48:40Z INFO ProcessChannel] Sending message of length 23680, with hash '1085bbf3c7b303255b8e8adc9f4a0ad8f884ddb7e02bb76a6b446603e4980234'
[2025-03-11 11:48:40Z INFO JobNotification] Entering JobStarted Notification
[2025-03-11 11:48:40Z INFO JobNotification] Entering StartMonitor
[2025-03-11 11:48:49Z INFO ProcessInvokerWrapper] STDOUT/STDERR stream read finished.
[2025-03-11 11:48:49Z INFO ProcessInvokerWrapper] STDOUT/STDERR stream read finished.
[2025-03-11 11:48:49Z INFO ProcessInvokerWrapper] Finished process 15492 with exit code 102, and elapsed time 00:00:09.8884516.
[2025-03-11 11:48:49Z INFO JobDispatcher] Worker finished for job ef0b5876-51d0-5ce5-80b6-933607afbc0c. Code: 102
[2025-03-11 11:48:49Z INFO JobDispatcher] finish job request for job ef0b5876-51d0-5ce5-80b6-933607afbc0c with result: Failed
[2025-03-11 11:48:49Z INFO Terminal] WRITE LINE: 2025-03-11 11:48:49Z: Job check-user completed with result: Failed
[2025-03-11 11:48:49Z INFO JobDispatcher] Stop renew job request for job ef0b5876-51d0-5ce5-80b6-933607afbc0c.
[2025-03-11 11:48:49Z INFO JobDispatcher] job renew has been cancelled, stop renew job request 41.
[2025-03-11 11:48:49Z INFO JobNotification] Entering JobCompleted Notification
[2025-03-11 11:48:49Z INFO JobNotification] Entering EndMonitor
[2025-03-11 11:48:49Z INFO MessageListener] Received job status event. JobState: Online
[2025-03-11 11:49:27Z INFO Terminal] WRITE LINE: Exiting...
[2025-03-11 11:49:27Z INFO ConfigurationStore] IsServiceConfigured()
[2025-03-11 11:49:27Z INFO ConfigurationStore] IsServiceConfigured: False
[2025-03-11 11:49:27Z INFO HostContext] Runner will be shutdown for UserCancelled
[2025-03-11 11:49:27Z WARN GitHubActionsService] GET request to https://broker.actions.githubusercontent.com/message?sessionId=f6f9bc16-5f83-424d-be75-723736021be9&status=Busy&runnerVersion=2.322.0&os=Windows&architecture=X64&disableUpdate=false has been cancelled.
[2025-03-11 11:49:27Z ERR  BrokerServer] Catch exception during request
[2025-03-11 11:49:27Z ERR  BrokerServer] System.Threading.Tasks.TaskCanceledException: The operation was canceled.
 ---> System.Threading.Tasks.TaskCanceledException: The operation was canceled.
 ---> System.IO.IOException: Unable to read data from the transport connection: The I/O operation has been aborted because of either a thread exit or an application request..
 ---> System.Net.Sockets.SocketException (995): The I/O operation has been aborted because of either a thread exit or an application request.
   --- End of inner exception stack trace ---
   at System.Net.Sockets.Socket.AwaitableSocketAsyncEventArgs.ThrowException(SocketError error, CancellationToken cancellationToken)
   at System.Net.Sockets.Socket.AwaitableSocketAsyncEventArgs.System.Threading.Tasks.Sources.IValueTaskSource<System.Int32>.GetResult(Int16 token)
   at System.Net.Security.SslStream.EnsureFullTlsFrameAsync[TIOAdapter](CancellationToken cancellationToken, Int32 estimatedSize)
   at System.Runtime.CompilerServices.PoolingAsyncValueTaskMethodBuilder`1.StateMachineBox`1.System.Threading.Tasks.Sources.IValueTaskSource<TResult>.GetResult(Int16 token)
   at System.Net.Security.SslStream.ReadAsyncInternal[TIOAdapter](Memory`1 buffer, CancellationToken cancellationToken)
   at System.Runtime.CompilerServices.PoolingAsyncValueTaskMethodBuilder`1.StateMachineBox`1.System.Threading.Tasks.Sources.IValueTaskSource<TResult>.GetResult(Int16 token)
   at System.Net.Http.HttpConnection.SendAsync(HttpRequestMessage request, Boolean async, CancellationToken cancellationToken)
   --- End of inner exception stack trace ---
   at System.Net.Http.HttpConnection.SendAsync(HttpRequestMessage request, Boolean async, CancellationToken cancellationToken)
   at System.Net.Http.AuthenticationHelper.SendWithNtAuthAsync(HttpRequestMessage request, Uri authUri, Boolean async, ICredentials credentials, Boolean isProxyAuth, HttpConnection connection, HttpConnectionPool connectionPool, CancellationToken cancellationToken)
   at System.Net.Http.HttpConnectionPool.SendWithVersionDetectionAndRetryAsync(HttpRequestMessage request, Boolean async, Boolean doRequestAuth, CancellationToken cancellationToken)
   at System.Net.Http.AuthenticationHelper.SendWithAuthAsync(HttpRequestMessage request, Uri authUri, Boolean async, ICredentials credentials, Boolean preAuthenticate, Boolean isProxyAuth, Boolean doRequestAuth, HttpConnectionPool pool, CancellationToken cancellationToken)
   at System.Net.Http.RedirectHandler.SendAsync(HttpRequestMessage request, Boolean async, CancellationToken cancellationToken)
   at GitHub.Services.Common.RawHttpMessageHandler.SendAsync(HttpRequestMessage request, CancellationToken cancellationToken)
   at GitHub.Services.Common.VssHttpRetryMessageHandler.SendAsync(HttpRequestMessage request, CancellationToken cancellationToken)
   at System.Net.Http.HttpClient.<SendAsync>g__Core|83_0(HttpRequestMessage request, HttpCompletionOption completionOption, CancellationTokenSource cts, Boolean disposeCts, CancellationTokenSource pendingRequestsCts, CancellationToken originalCancellationToken)
   --- End of inner exception stack trace ---
   at System.Net.Http.HttpClient.HandleFailure(Exception e, Boolean telemetryStarted, HttpResponseMessage response, CancellationTokenSource cts, CancellationToken cancellationToken, CancellationTokenSource pendingRequestsCts)
   at System.Net.Http.HttpClient.<SendAsync>g__Core|83_0(HttpRequestMessage request, HttpCompletionOption completionOption, CancellationTokenSource cts, Boolean disposeCts, CancellationTokenSource pendingRequestsCts, CancellationToken originalCancellationToken)
   at Sdk.WebApi.WebApi.RawHttpClientBase.SendAsync(HttpRequestMessage message, HttpCompletionOption completionOption, Object userState, CancellationToken cancellationToken)
   at Sdk.WebApi.WebApi.RawHttpClientBase.SendAsync[T](HttpRequestMessage message, Boolean readErrorBody, Object userState, CancellationToken cancellationToken)
   at Sdk.WebApi.WebApi.RawHttpClientBase.SendAsync[T](HttpMethod method, IEnumerable`1 additionalHeaders, Uri requestUri, HttpContent content, IEnumerable`1 queryParameters, Boolean readErrorBody, Object userState, CancellationToken cancellationToken)
   at GitHub.Actions.RunService.WebApi.BrokerHttpClient.GetRunnerMessageAsync(Nullable`1 sessionId, String runnerVersion, Nullable`1 status, String os, String architecture, Nullable`1 disableUpdate, CancellationToken cancellationToken)
   at GitHub.Runner.Common.BrokerServer.<>c__DisplayClass7_0.<<GetRunnerMessageAsync>b__0>d.MoveNext()
--- End of stack trace from previous location ---
   at GitHub.Runner.Common.RunnerService.RetryRequest[T](Func`1 func, CancellationToken cancellationToken, Int32 maxRetryAttemptsCount, Func`2 shouldRetry)
[2025-03-11 11:49:27Z ERR  BrokerServer] #####################################################
[2025-03-11 11:49:27Z ERR  BrokerServer] System.Threading.Tasks.TaskCanceledException: The operation was canceled.
 ---> System.IO.IOException: Unable to read data from the transport connection: The I/O operation has been aborted because of either a thread exit or an application request..
 ---> System.Net.Sockets.SocketException (995): The I/O operation has been aborted because of either a thread exit or an application request.
   --- End of inner exception stack trace ---
   at System.Net.Sockets.Socket.AwaitableSocketAsyncEventArgs.ThrowException(SocketError error, CancellationToken cancellationToken)
   at System.Net.Sockets.Socket.AwaitableSocketAsyncEventArgs.System.Threading.Tasks.Sources.IValueTaskSource<System.Int32>.GetResult(Int16 token)
   at System.Net.Security.SslStream.EnsureFullTlsFrameAsync[TIOAdapter](CancellationToken cancellationToken, Int32 estimatedSize)
   at System.Runtime.CompilerServices.PoolingAsyncValueTaskMethodBuilder`1.StateMachineBox`1.System.Threading.Tasks.Sources.IValueTaskSource<TResult>.GetResult(Int16 token)
   at System.Net.Security.SslStream.ReadAsyncInternal[TIOAdapter](Memory`1 buffer, CancellationToken cancellationToken)
   at System.Runtime.CompilerServices.PoolingAsyncValueTaskMethodBuilder`1.StateMachineBox`1.System.Threading.Tasks.Sources.IValueTaskSource<TResult>.GetResult(Int16 token)
   at System.Net.Http.HttpConnection.SendAsync(HttpRequestMessage request, Boolean async, CancellationToken cancellationToken)
   --- End of inner exception stack trace ---
   at System.Net.Http.HttpConnection.SendAsync(HttpRequestMessage request, Boolean async, CancellationToken cancellationToken)
   at System.Net.Http.AuthenticationHelper.SendWithNtAuthAsync(HttpRequestMessage request, Uri authUri, Boolean async, ICredentials credentials, Boolean isProxyAuth, HttpConnection connection, HttpConnectionPool connectionPool, CancellationToken cancellationToken)
   at System.Net.Http.HttpConnectionPool.SendWithVersionDetectionAndRetryAsync(HttpRequestMessage request, Boolean async, Boolean doRequestAuth, CancellationToken cancellationToken)
   at System.Net.Http.AuthenticationHelper.SendWithAuthAsync(HttpRequestMessage request, Uri authUri, Boolean async, ICredentials credentials, Boolean preAuthenticate, Boolean isProxyAuth, Boolean doRequestAuth, HttpConnectionPool pool, CancellationToken cancellationToken)
   at System.Net.Http.RedirectHandler.SendAsync(HttpRequestMessage request, Boolean async, CancellationToken cancellationToken)
   at GitHub.Services.Common.RawHttpMessageHandler.SendAsync(HttpRequestMessage request, CancellationToken cancellationToken)
   at GitHub.Services.Common.VssHttpRetryMessageHandler.SendAsync(HttpRequestMessage request, CancellationToken cancellationToken)
   at System.Net.Http.HttpClient.<SendAsync>g__Core|83_0(HttpRequestMessage request, HttpCompletionOption completionOption, CancellationTokenSource cts, Boolean disposeCts, CancellationTokenSource pendingRequestsCts, CancellationToken originalCancellationToken)
[2025-03-11 11:49:27Z ERR  BrokerServer] #####################################################
[2025-03-11 11:49:27Z ERR  BrokerServer] System.IO.IOException: Unable to read data from the transport connection: The I/O operation has been aborted because of either a thread exit or an application request..
 ---> System.Net.Sockets.SocketException (995): The I/O operation has been aborted because of either a thread exit or an application request.
   --- End of inner exception stack trace ---
   at System.Net.Sockets.Socket.AwaitableSocketAsyncEventArgs.ThrowException(SocketError error, CancellationToken cancellationToken)
   at System.Net.Sockets.Socket.AwaitableSocketAsyncEventArgs.System.Threading.Tasks.Sources.IValueTaskSource<System.Int32>.GetResult(Int16 token)
   at System.Net.Security.SslStream.EnsureFullTlsFrameAsync[TIOAdapter](CancellationToken cancellationToken, Int32 estimatedSize)
   at System.Runtime.CompilerServices.PoolingAsyncValueTaskMethodBuilder`1.StateMachineBox`1.System.Threading.Tasks.Sources.IValueTaskSource<TResult>.GetResult(Int16 token)
   at System.Net.Security.SslStream.ReadAsyncInternal[TIOAdapter](Memory`1 buffer, CancellationToken cancellationToken)
   at System.Runtime.CompilerServices.PoolingAsyncValueTaskMethodBuilder`1.StateMachineBox`1.System.Threading.Tasks.Sources.IValueTaskSource<TResult>.GetResult(Int16 token)
   at System.Net.Http.HttpConnection.SendAsync(HttpRequestMessage request, Boolean async, CancellationToken cancellationToken)
[2025-03-11 11:49:27Z ERR  BrokerServer] #####################################################
[2025-03-11 11:49:27Z ERR  BrokerServer] System.Net.Sockets.SocketException (995): The I/O operation has been aborted because of either a thread exit or an application request.
[2025-03-11 11:49:27Z WARN BrokerServer] Back off 13.492 seconds before next retry. 4 attempt left.
[2025-03-11 11:49:27Z INFO MessageListener] Get next message has been cancelled.
[2025-03-11 11:49:27Z INFO JobDispatcher] Shutting down JobDispatcher. Make sure all WorkerDispatcher has finished.
[2025-03-11 11:49:27Z INFO JobDispatcher] Ensure WorkerDispatcher for job ef0b5876-51d0-5ce5-80b6-933607afbc0c run to finish, cancel any running job.
[2025-03-11 11:49:27Z INFO JobDispatcher] Job request ef0b5876-51d0-5ce5-80b6-933607afbc0c processed succeed.
[2025-03-11 11:49:27Z INFO Runner] Deleting Runner Session...
[2025-03-11 11:49:27Z INFO Listener] Runner execution been cancelled.
