[2025-03-11 11:48:40Z INFO HostContext] No proxy settings were found based on environmental variables (http_proxy/https_proxy/HTTP_PROXY/HTTPS_PROXY)
[2025-03-11 11:48:40Z INFO HostContext] Well known directory 'Bin': 'D:\Rotation-4\beachball-testing\beachball-testing\actions-runner\bin'
[2025-03-11 11:48:40Z INFO HostContext] Well known directory 'Root': 'D:\Rotation-4\beachball-testing\beachball-testing\actions-runner'
[2025-03-11 11:48:40Z INFO HostContext] Well known config file 'Credentials': 'D:\Rotation-4\beachball-testing\beachball-testing\actions-runner\.credentials'
[2025-03-11 11:48:40Z INFO HostContext] Well known directory 'Bin': 'D:\Rotation-4\beachball-testing\beachball-testing\actions-runner\bin'
[2025-03-11 11:48:40Z INFO HostContext] Well known directory 'Root': 'D:\Rotation-4\beachball-testing\beachball-testing\actions-runner'
[2025-03-11 11:48:40Z INFO HostContext] Well known config file 'Runner': 'D:\Rotation-4\beachball-testing\beachball-testing\actions-runner\.runner'
[2025-03-11 11:48:40Z INFO Worker] Version: 2.322.0
[2025-03-11 11:48:40Z INFO Worker] Commit: 0edc478ca75d0a753dcbcec7405f3f26db67b1ac
[2025-03-11 11:48:40Z INFO Worker] Culture: en-IN
[2025-03-11 11:48:40Z INFO Worker] UI Culture: en-US
[2025-03-11 11:48:40Z INFO Worker] Waiting to receive the job message from the channel.
[2025-03-11 11:48:40Z INFO ProcessChannel] Receiving message of length 23680, with hash '1085bbf3c7b303255b8e8adc9f4a0ad8f884ddb7e02bb76a6b446603e4980234'
[2025-03-11 11:48:40Z INFO Worker] Message received.
[2025-03-11 11:48:40Z INFO Worker] Job message:
 {
  "fileTable": [
    ".github/workflows/role-restriction.yml"
  ],
  "mask": [
    {
      "type": "regex",
      "value": "***"
    },
    {
      "type": "regex",
      "value": "***"
    },
    {
      "type": "regex",
      "value": "***"
    },
    {
      "type": "regex",
      "value": "***"
    },
    {
      "type": "regex",
      "value": "***"
    },
    {
      "type": "regex",
      "value": "***"
    },
    {
      "type": "regex",
      "value": "***"
    },
    {
      "type": "regex",
      "value": "***"
    },
    {
      "type": "regex",
      "value": "***"
    },
    {
      "type": "regex",
      "value": "***"
    },
    {
      "type": "regex",
      "value": "***"
    },
    {
      "type": "regex",
      "value": "***"
    },
    {
      "type": "regex",
      "value": "***"
    },
    {
      "type": "regex",
      "value": "***"
    },
    {
      "type": "regex",
      "value": "***"
    },
    {
      "type": "regex",
      "value": "***"
    },
    {
      "type": "regex",
      "value": "***"
    },
    {
      "type": "regex",
      "value": "***"
    },
    {
      "type": "regex",
      "value": "***"
    },
    {
      "type": "regex",
      "value": "***"
    }
  ],
  "steps": [
    {
      "type": "action",
      "reference": {
        "type": "script"
      },
      "displayNameToken": {
        "type": 0,
        "file": 1,
        "line": 10,
        "col": 15,
        "lit": "Check if user is authorized"
      },
      "contextName": "__run",
      "inputs": {
        "type": 2,
        "map": [
          {
            "key": "script",
            "value": {
              "type": 0,
              "file": 1,
              "line": 11,
              "col": 14,
              "lit": "if [[ \"$GITHUB_ACTOR\" != \"Adu2120\" ]]; then\n  echo \"Error: Unauthorized user. Exiting.\"\n  exit 1\nfi\n"
            }
          }
        ]
      },
      "condition": "success()",
      "id": "d76e9b89-a24e-5e2a-fe6e-4eb9eb5df19f",
      "name": "__run"
    },
    {
      "type": "action",
      "reference": {
        "type": "script"
      },
      "displayNameToken": {
        "type": 0,
        "file": 1,
        "line": 17,
        "col": 15,
        "lit": "Run tests"
      },
      "contextName": "__run_2",
      "inputs": {
        "type": 2,
        "map": [
          {
            "key": "script",
            "value": {
              "type": 0,
              "file": 1,
              "line": 18,
              "col": 14,
              "lit": "echo \"Running tests...\""
            }
          }
        ]
      },
      "condition": "success()",
      "id": "891d431b-62c2-514e-8681-e1dc820fc651",
      "name": "__run_2"
    }
  ],
  "variables": {
    "system.isScheduled": {
      "value": "False"
    },
    "system.servertype": {
      "value": "Hosted"
    },
    "system.culture": {
      "value": ""
    },
    "system.pipelineStartTime": {
      "value": "2025-03-11 11:48:36+00:00"
    },
    "system.runner.lowdiskspacethreshold": {
      "value": "100"
    },
    "DistributedTask.NewActionMetadata": {
      "value": "true"
    },
    "DistributedTask.EnableCompositeActions": {
      "value": "true"
    },
    "DistributedTask.EnhancedAnnotations": {
      "value": "true"
    },
    "DistributedTask.UploadStepSummary": {
      "value": "true"
    },
    "DistributedTask.ForceGithubJavascriptActionsToNode16": {
      "value": "true"
    },
    "DistributedTask.ForceGithubJavascriptActionsToNode20": {
      "value": "true"
    },
    "DistributedTask.AddWarningToNode12Action": {
      "value": "true"
    },
    "DistributedTask.AddWarningToNode16Action": {
      "value": "true"
    },
    "DistributedTask.LogTemplateErrorsAsDebugMessages": {
      "value": "true"
    },
    "DistributedTask.AllowRunnerContainerHooks": {
      "value": "true"
    },
    "DistributedTask.DeprecateStepOutputCommands": {
      "value": "true"
    },
    "DistributedTask.UseWhich2": {
      "value": "true"
    },
    "DistributedTask.DetailUntarFailure": {
      "value": "true"
    },
    "DistributedTask.UseActionArchiveCache": {
      "value": "true"
    },
    "DistributedTask.EnableJobServerQueueTelemetry": {
      "value": "true"
    },
    "DistributedTask.MarkJobAsFailedOnWorkerCrash": {
      "value": "true"
    },
    "Actions.EnableHttpRedirects": {
      "value": "true"
    },
    "system.teamProjectId": {
      "value": "00000000-0000-0000-0000-000000000000"
    },
    "build.buildId": {
      "value": "41"
    },
    "build.containerId": {
      "value": "15018888"
    },
    "build.allowCreateArtifacts": {
      "value": "False"
    },
    "system.workflowFilePath": {
      "value": ".github/workflows/role-restriction.yml"
    },
    "system.phaseDisplayName": {
      "value": "check-user"
    },
    "system.phaseId": {
      "value": "77ec2e00-26c6-572f-e43b-605de2f0e787"
    },
    "system.phaseName": {
      "value": "check-user"
    },
    "system.phaseAttempt": {
      "value": "1"
    },
    "system.jobIdentifier": {
      "value": "check-user.__default"
    },
    "system.jobAttempt": {
      "value": "1"
    },
    "System.JobPositionInPhase": {
      "value": "1"
    },
    "System.TotalJobsInPhase": {
      "value": "1"
    },
    "system.github.job": {
      "value": "check-user"
    },
    "system.jobDisplayName": {
      "value": "check-user"
    },
    "system.jobId": {
      "value": "ef0b5876-51d0-5ce5-80b6-933607afbc0c"
    },
    "system.jobName": {
      "value": "__default"
    },
    "system.github.token.permissions": {
      "value": "{\"Contents\":\"read\",\"Metadata\":\"read\",\"Packages\":\"read\"}"
    },
    "system.github.token": {
      "value": "***",
      "isSecret": true
    },
    "system.runnerEnvironment": {
      "value": "self-hosted"
    },
    "system.github.results_endpoint": {
      "value": "https://results-receiver.actions.githubusercontent.com/"
    },
    "system.github.results_upload_with_sdk": {
      "value": "True"
    },
    "actions_uses_cache_service_v2": {
      "value": "True"
    },
    "system.testDotNet8Compatibility": {
      "value": "true"
    },
    "system.dotNet8CompatibilityOutputLength": {
      "value": "200"
    },
    "system.dotNet8CompatibilityOutputPattern": {
      "value": "GLIBCXX"
    },
    "system.dotNet8CompatibilityWarning": {
      "value": "The Actions runner will no longer support your OS version on November 1, 2024. Please upgrade to a supported version. For information, refer https://github.blog/changelog/2024-08-19-notice-of-upcoming-deprecations-and-breaking-changes-in-github-actions-runners/"
    },
    "system.orchestrationId": {
      "value": "60f2a319-16ac-4052-9cb1-0d42714cfb4c.check-user.__default"
    },
    "system.runnerGroupName": {
      "value": "Default"
    }
  },
  "messageType": "PipelineAgentJobRequest",
  "plan": {
    "scopeIdentifier": "00000000-0000-0000-0000-000000000000",
    "planType": "Actions",
    "version": 41,
    "planId": "60f2a319-16ac-4052-9cb1-0d42714cfb4c",
    "planGroup": "Actions:00000000-0000-0000-0000-000000000000:1",
    "artifactUri": "vstfs:///Build/Build/41",
    "artifactLocation": null,
    "definition": {
      "_links": {},
      "id": 3,
      "name": "beachball-testing"
    },
    "owner": {
      "_links": {},
      "id": 3,
      "name": "dp-test-org-1"
    }
  },
  "timeline": {
    "id": "60f2a319-16ac-4052-9cb1-0d42714cfb4c",
    "changeId": 0,
    "location": null
  },
  "jobId": "ef0b5876-51d0-5ce5-80b6-933607afbc0c",
  "jobDisplayName": "check-user",
  "jobName": "__default",
  "requestId": 41,
  "lockedUntil": "0001-01-01T00:00:00",
  "resources": {
    "endpoints": [
      {
        "data": {
          "ServerId": "2d7a9044-f034-470e-997a-ca069c0d67dd",
          "ServerName": "q5Gerjeupf3MOns6QsdTmmiTDcAQM41uY05YRC1UuUIGI1MOmd",
          "CacheServerUrl": "https://acghubeus1.actions.githubusercontent.com/q5Gerjeupf3MOns6QsdTmmiTDcAQM41uY05YRC1UuUIGI1MOmd/",
          "FeedStreamUrl": "https://results-receiver.actions.githubusercontent.com/_ws/ingest.sock",
          "ResultsServiceUrl": "https://results-receiver.actions.githubusercontent.com/",
          "ConnectivityChecks": "[\"https://acghubeus0.actions.githubusercontent.com/_apis/health\",\"https://results-receiver.actions.githubusercontent.com/health\",\"https://pkg.actions.githubusercontent.com/health\",\"https://actions-results-receiver-production.githubapp.com/health\",\"https://run-actions-2-azure-eastus.actions.githubusercontent.com/12/health\",\"https://pipelinesghubeus3.actions.githubusercontent.com/_apis/health\"]"
        },
        "name": "SystemVssConnection",
        "url": "https://pipelinesghubeus3.actions.githubusercontent.com/q5Gerjeupf3MOns6QsdTmmiTDcAQM41uY05YRC1UuUIGI1MOmd/",
        "authorization": {
          "parameters": {
            "AccessToken": ***
          },
          "scheme": "OAuth"
        },
        "isShared": false,
        "isReady": true
      }
    ]
  },
  "contextData": {
    "github": {
      "t": 2,
      "d": [
        {
          "k": "ref",
          "v": "refs/heads/azure-pipelines-1"
        },
        {
          "k": "sha",
          "v": "bd2a26eb9e23bf41ef4cfb5bc893658485e3fcc8"
        },
        {
          "k": "repository",
          "v": "dp-test-org-1/beachball-testing"
        },
        {
          "k": "repository_owner",
          "v": "dp-test-org-1"
        },
        {
          "k": "repository_owner_id",
          "v": "197241023"
        },
        {
          "k": "repositoryUrl",
          "v": "git://github.com/dp-test-org-1/beachball-testing.git"
        },
        {
          "k": "run_id",
          "v": "13787283581"
        },
        {
          "k": "run_number",
          "v": "10"
        },
        {
          "k": "retention_days",
          "v": "90"
        },
        {
          "k": "run_attempt",
          "v": "1"
        },
        {
          "k": "artifact_cache_size_limit",
          "v": "10"
        },
        {
          "k": "repository_visibility",
          "v": "public"
        },
        {
          "k": "repo-self-hosted-runners-disabled",
          "v": false
        },
        {
          "k": "enterprise-managed-business-id",
          "v": ""
        },
        {
          "k": "repository_id",
          "v": "925124122"
        },
        {
          "k": "actor_id",
          "v": "23209728"
        },
        {
          "k": "actor",
          "v": "Adu2120"
        },
        {
          "k": "triggering_actor",
          "v": "Adu2120"
        },
        {
          "k": "workflow",
          "v": "Role Restriction Test"
        },
        {
          "k": "head_ref",
          "v": ""
        },
        {
          "k": "base_ref",
          "v": ""
        },
        {
          "k": "event_name",
          "v": "workflow_dispatch"
        },
        {
          "k": "event",
          "v": {
            "t": 2,
            "d": [
              {
                "k": "inputs",
                "v": null
              },
              {
                "k": "organization",
                "v": {
                  "t": 2,
                  "d": [
                    {
                      "k": "avatar_url",
                      "v": "https://avatars.githubusercontent.com/u/197241023?v=4"
                    },
                    {
                      "k": "description",
                      "v": null
                    },
                    {
                      "k": "events_url",
                      "v": "https://api.github.com/orgs/dp-test-org-1/events"
                    },
                    {
                      "k": "hooks_url",
                      "v": "https://api.github.com/orgs/dp-test-org-1/hooks"
                    },
                    {
                      "k": "id",
                      "v": 197241023.0
                    },
                    {
                      "k": "issues_url",
                      "v": "https://api.github.com/orgs/dp-test-org-1/issues"
                    },
                    {
                      "k": "login",
                      "v": "dp-test-org-1"
                    },
                    {
                      "k": "members_url",
                      "v": "https://api.github.com/orgs/dp-test-org-1/members{/member}"
                    },
                    {
                      "k": "node_id",
                      "v": "O_kgDOC8Govw"
                    },
                    {
                      "k": "public_members_url",
                      "v": "https://api.github.com/orgs/dp-test-org-1/public_members{/member}"
                    },
                    {
                      "k": "repos_url",
                      "v": "https://api.github.com/orgs/dp-test-org-1/repos"
                    },
                    {
                      "k": "url",
                      "v": "https://api.github.com/orgs/dp-test-org-1"
                    }
                  ]
                }
              },
              {
                "k": "ref",
                "v": "refs/heads/azure-pipelines-1"
              },
              {
                "k": "repository",
                "v": {
                  "t": 2,
                  "d": [
                    {
                      "k": "allow_forking",
                      "v": true
                    },
                    {
                      "k": "archive_url",
                      "v": "https://api.github.com/repos/dp-test-org-1/beachball-testing/{archive_format}{/ref}"
                    },
                    {
                      "k": "archived",
                      "v": false
                    },
                    {
                      "k": "assignees_url",
                      "v": "https://api.github.com/repos/dp-test-org-1/beachball-testing/assignees{/user}"
                    },
                    {
                      "k": "blobs_url",
                      "v": "https://api.github.com/repos/dp-test-org-1/beachball-testing/git/blobs{/sha}"
                    },
                    {
                      "k": "branches_url",
                      "v": "https://api.github.com/repos/dp-test-org-1/beachball-testing/branches{/branch}"
                    },
                    {
                      "k": "clone_url",
                      "v": "https://github.com/dp-test-org-1/beachball-testing.git"
                    },
                    {
                      "k": "collaborators_url",
                      "v": "https://api.github.com/repos/dp-test-org-1/beachball-testing/collaborators{/collaborator}"
                    },
                    {
                      "k": "comments_url",
                      "v": "https://api.github.com/repos/dp-test-org-1/beachball-testing/comments{/number}"
                    },
                    {
                      "k": "commits_url",
                      "v": "https://api.github.com/repos/dp-test-org-1/beachball-testing/commits{/sha}"
                    },
                    {
                      "k": "compare_url",
                      "v": "https://api.github.com/repos/dp-test-org-1/beachball-testing/compare/{base}...{head}"
                    },
                    {
                      "k": "contents_url",
                      "v": "https://api.github.com/repos/dp-test-org-1/beachball-testing/contents/{+path}"
                    },
                    {
                      "k": "contributors_url",
                      "v": "https://api.github.com/repos/dp-test-org-1/beachball-testing/contributors"
                    },
                    {
                      "k": "created_at",
                      "v": "2025-01-31T09:23:32Z"
                    },
                    {
                      "k": "custom_properties",
                      "v": {
                        "t": 2
                      }
                    },
                    {
                      "k": "default_branch",
                      "v": "main"
                    },
                    {
                      "k": "deployments_url",
                      "v": "https://api.github.com/repos/dp-test-org-1/beachball-testing/deployments"
                    },
                    {
                      "k": "description",
                      "v": null
                    },
                    {
                      "k": "disabled",
                      "v": false
                    },
                    {
                      "k": "downloads_url",
                      "v": "https://api.github.com/repos/dp-test-org-1/beachball-testing/downloads"
                    },
                    {
                      "k": "events_url",
                      "v": "https://api.github.com/repos/dp-test-org-1/beachball-testing/events"
                    },
                    {
                      "k": "fork",
                      "v": false
                    },
                    {
                      "k": "forks",
                      "v": 0.0
                    },
                    {
                      "k": "forks_count",
                      "v": 0.0
                    },
                    {
                      "k": "forks_url",
                      "v": "https://api.github.com/repos/dp-test-org-1/beachball-testing/forks"
                    },
                    {
                      "k": "full_name",
                      "v": "dp-test-org-1/beachball-testing"
                    },
                    {
                      "k": "git_commits_url",
                      "v": "https://api.github.com/repos/dp-test-org-1/beachball-testing/git/commits{/sha}"
                    },
                    {
                      "k": "git_refs_url",
                      "v": "https://api.github.com/repos/dp-test-org-1/beachball-testing/git/refs{/sha}"
                    },
                    {
                      "k": "git_tags_url",
                      "v": "https://api.github.com/repos/dp-test-org-1/beachball-testing/git/tags{/sha}"
                    },
                    {
                      "k": "git_url",
                      "v": "git://github.com/dp-test-org-1/beachball-testing.git"
                    },
                    {
                      "k": "has_discussions",
                      "v": false
                    },
                    {
                      "k": "has_downloads",
                      "v": true
                    },
                    {
                      "k": "has_issues",
                      "v": true
                    },
                    {
                      "k": "has_pages",
                      "v": false
                    },
                    {
                      "k": "has_projects",
                      "v": true
                    },
                    {
                      "k": "has_wiki",
                      "v": true
                    },
                    {
                      "k": "homepage",
                      "v": null
                    },
                    {
                      "k": "hooks_url",
                      "v": "https://api.github.com/repos/dp-test-org-1/beachball-testing/hooks"
                    },
                    {
                      "k": "html_url",
                      "v": "https://github.com/dp-test-org-1/beachball-testing"
                    },
                    {
                      "k": "id",
                      "v": 925124122.0
                    },
                    {
                      "k": "is_template",
                      "v": false
                    },
                    {
                      "k": "issue_comment_url",
                      "v": "https://api.github.com/repos/dp-test-org-1/beachball-testing/issues/comments{/number}"
                    },
                    {
                      "k": "issue_events_url",
                      "v": "https://api.github.com/repos/dp-test-org-1/beachball-testing/issues/events{/number}"
                    },
                    {
                      "k": "issues_url",
                      "v": "https://api.github.com/repos/dp-test-org-1/beachball-testing/issues{/number}"
                    },
                    {
                      "k": "keys_url",
                      "v": "https://api.github.com/repos/dp-test-org-1/beachball-testing/keys{/key_id}"
                    },
                    {
                      "k": "labels_url",
                      "v": "https://api.github.com/repos/dp-test-org-1/beachball-testing/labels{/name}"
                    },
                    {
                      "k": "language",
                      "v": "JavaScript"
                    },
                    {
                      "k": "languages_url",
                      "v": "https://api.github.com/repos/dp-test-org-1/beachball-testing/languages"
                    },
                    {
                      "k": "license",
                      "v": null
                    },
                    {
                      "k": "merges_url",
                      "v": "https://api.github.com/repos/dp-test-org-1/beachball-testing/merges"
                    },
                    {
                      "k": "milestones_url",
                      "v": "https://api.github.com/repos/dp-test-org-1/beachball-testing/milestones{/number}"
                    },
                    {
                      "k": "mirror_url",
                      "v": null
                    },
                    {
                      "k": "name",
                      "v": "beachball-testing"
                    },
                    {
                      "k": "node_id",
                      "v": "R_kgDONyRGGg"
                    },
                    {
                      "k": "notifications_url",
                      "v": "https://api.github.com/repos/dp-test-org-1/beachball-testing/notifications{?since,all,participating}"
                    },
                    {
                      "k": "open_issues",
                      "v": 0.0
                    },
                    {
                      "k": "open_issues_count",
                      "v": 0.0
                    },
                    {
                      "k": "owner",
                      "v": {
                        "t": 2,
                        "d": [
                          {
                            "k": "avatar_url",
                            "v": "https://avatars.githubusercontent.com/u/197241023?v=4"
                          },
                          {
                            "k": "events_url",
                            "v": "https://api.github.com/users/dp-test-org-1/events{/privacy}"
                          },
                          {
                            "k": "followers_url",
                            "v": "https://api.github.com/users/dp-test-org-1/followers"
                          },
                          {
                            "k": "following_url",
                            "v": "https://api.github.com/users/dp-test-org-1/following{/other_user}"
                          },
                          {
                            "k": "gists_url",
                            "v": "https://api.github.com/users/dp-test-org-1/gists{/gist_id}"
                          },
                          {
                            "k": "gravatar_id",
                            "v": ""
                          },
                          {
                            "k": "html_url",
                            "v": "https://github.com/dp-test-org-1"
                          },
                          {
                            "k": "id",
                            "v": 197241023.0
                          },
                          {
                            "k": "login",
                            "v": "dp-test-org-1"
                          },
                          {
                            "k": "node_id",
                            "v": "O_kgDOC8Govw"
                          },
                          {
                            "k": "organizations_url",
                            "v": "https://api.github.com/users/dp-test-org-1/orgs"
                          },
                          {
                            "k": "received_events_url",
                            "v": "https://api.github.com/users/dp-test-org-1/received_events"
                          },
                          {
                            "k": "repos_url",
                            "v": "https://api.github.com/users/dp-test-org-1/repos"
                          },
                          {
                            "k": "site_admin",
                            "v": false
                          },
                          {
                            "k": "starred_url",
                            "v": "https://api.github.com/users/dp-test-org-1/starred{/owner}{/repo}"
                          },
                          {
                            "k": "subscriptions_url",
                            "v": "https://api.github.com/users/dp-test-org-1/subscriptions"
                          },
                          {
                            "k": "type",
                            "v": "Organization"
                          },
                          {
                            "k": "url",
                            "v": "https://api.github.com/users/dp-test-org-1"
                          },
                          {
                            "k": "user_view_type",
                            "v": "public"
                          }
                        ]
                      }
                    },
                    {
                      "k": "private",
                      "v": false
                    },
                    {
                      "k": "pulls_url",
                      "v": "https://api.github.com/repos/dp-test-org-1/beachball-testing/pulls{/number}"
                    },
                    {
                      "k": "pushed_at",
                      "v": "2025-03-11T11:47:42Z"
                    },
                    {
                      "k": "releases_url",
                      "v": "https://api.github.com/repos/dp-test-org-1/beachball-testing/releases{/id}"
                    },
                    {
                      "k": "size",
                      "v": 155.0
                    },
                    {
                      "k": "ssh_url",
                      "v": "git@github.com:dp-test-org-1/beachball-testing.git"
                    },
                    {
                      "k": "stargazers_count",
                      "v": 0.0
                    },
                    {
                      "k": "stargazers_url",
                      "v": "https://api.github.com/repos/dp-test-org-1/beachball-testing/stargazers"
                    },
                    {
                      "k": "statuses_url",
                      "v": "https://api.github.com/repos/dp-test-org-1/beachball-testing/statuses/{sha}"
                    },
                    {
                      "k": "subscribers_url",
                      "v": "https://api.github.com/repos/dp-test-org-1/beachball-testing/subscribers"
                    },
                    {
                      "k": "subscription_url",
                      "v": "https://api.github.com/repos/dp-test-org-1/beachball-testing/subscription"
                    },
                    {
                      "k": "svn_url",
                      "v": "https://github.com/dp-test-org-1/beachball-testing"
                    },
                    {
                      "k": "tags_url",
                      "v": "https://api.github.com/repos/dp-test-org-1/beachball-testing/tags"
                    },
                    {
                      "k": "teams_url",
                      "v": "https://api.github.com/repos/dp-test-org-1/beachball-testing/teams"
                    },
                    {
                      "k": "topics",
                      "v": {
                        "t": 1
                      }
                    },
                    {
                      "k": "trees_url",
                      "v": "https://api.github.com/repos/dp-test-org-1/beachball-testing/git/trees{/sha}"
                    },
                    {
                      "k": "updated_at",
                      "v": "2025-03-07T07:14:13Z"
                    },
                    {
                      "k": "url",
                      "v": "https://api.github.com/repos/dp-test-org-1/beachball-testing"
                    },
                    {
                      "k": "visibility",
                      "v": "public"
                    },
                    {
                      "k": "watchers",
                      "v": 0.0
                    },
                    {
                      "k": "watchers_count",
                      "v": 0.0
                    },
                    {
                      "k": "web_commit_signoff_required",
                      "v": false
                    }
                  ]
                }
              },
              {
                "k": "sender",
                "v": {
                  "t": 2,
                  "d": [
                    {
                      "k": "avatar_url",
                      "v": "https://avatars.githubusercontent.com/u/23209728?v=4"
                    },
                    {
                      "k": "events_url",
                      "v": "https://api.github.com/users/Adu2120/events{/privacy}"
                    },
                    {
                      "k": "followers_url",
                      "v": "https://api.github.com/users/Adu2120/followers"
                    },
                    {
                      "k": "following_url",
                      "v": "https://api.github.com/users/Adu2120/following{/other_user}"
                    },
                    {
                      "k": "gists_url",
                      "v": "https://api.github.com/users/Adu2120/gists{/gist_id}"
                    },
                    {
                      "k": "gravatar_id",
                      "v": ""
                    },
                    {
                      "k": "html_url",
                      "v": "https://github.com/Adu2120"
                    },
                    {
                      "k": "id",
                      "v": 23209728.0
                    },
                    {
                      "k": "login",
                      "v": "Adu2120"
                    },
                    {
                      "k": "node_id",
                      "v": "MDQ6VXNlcjIzMjA5NzI4"
                    },
                    {
                      "k": "organizations_url",
                      "v": "https://api.github.com/users/Adu2120/orgs"
                    },
                    {
                      "k": "received_events_url",
                      "v": "https://api.github.com/users/Adu2120/received_events"
                    },
                    {
                      "k": "repos_url",
                      "v": "https://api.github.com/users/Adu2120/repos"
                    },
                    {
                      "k": "site_admin",
                      "v": false
                    },
                    {
                      "k": "starred_url",
                      "v": "https://api.github.com/users/Adu2120/starred{/owner}{/repo}"
                    },
                    {
                      "k": "subscriptions_url",
                      "v": "https://api.github.com/users/Adu2120/subscriptions"
                    },
                    {
                      "k": "type",
                      "v": "User"
                    },
                    {
                      "k": "url",
                      "v": "https://api.github.com/users/Adu2120"
                    },
                    {
                      "k": "user_view_type",
                      "v": "public"
                    }
                  ]
                }
              },
              {
                "k": "workflow",
                "v": ".github/workflows/role-restriction.yml"
              }
            ]
          }
        },
        {
          "k": "server_url",
          "v": "https://github.com"
        },
        {
          "k": "api_url",
          "v": "https://api.github.com"
        },
        {
          "k": "graphql_url",
          "v": "https://api.github.com/graphql"
        },
        {
          "k": "ref_name",
          "v": "azure-pipelines-1"
        },
        {
          "k": "ref_protected",
          "v": false
        },
        {
          "k": "ref_type",
          "v": "branch"
        },
        {
          "k": "secret_source",
          "v": "Actions"
        },
        {
          "k": "workflow_ref",
          "v": "dp-test-org-1/beachball-testing/.github/workflows/role-restriction.yml@refs/heads/azure-pipelines-1"
        },
        {
          "k": "workflow_sha",
          "v": "bd2a26eb9e23bf41ef4cfb5bc893658485e3fcc8"
        }
      ]
    },
    "run-feature-flags": {
      "t": 2,
      "d": [
        {
          "k": "actions_stream_logs_via_results_service",
          "v": true
        },
        {
          "k": "actions_use_results_service",
          "v": true
        },
        {
          "k": "actions_uses_cache_service_v2",
          "v": true
        },
        {
          "k": "block_artifacts_v3_exempted",
          "v": false
        },
        {
          "k": "larger_runners_custom_image_generation",
          "v": false
        }
      ]
    },
    "partialrerun": false,
    "needs": {
      "t": 2
    },
    "vars": null,
    "inputs": {
      "t": 2
    },
    "matrix": null,
    "strategy": {
      "t": 2,
      "d": [
        {
          "k": "fail-fast",
          "v": true
        },
        {
          "k": "job-index",
          "v": 0.0
        },
        {
          "k": "job-total",
          "v": 1.0
        },
        {
          "k": "max-parallel",
          "v": 1.0
        }
      ]
    },
    "EndpointsOverride": null
  }
}
[2025-03-11 11:48:40Z INFO JobRunner] Job ID ef0b5876-51d0-5ce5-80b6-933607afbc0c
[2025-03-11 11:48:40Z INFO ConfigurationStore] currentAssemblyLocation: D:\Rotation-4\beachball-testing\beachball-testing\actions-runner\bin\Runner.Worker.dll
[2025-03-11 11:48:40Z INFO HostContext] Well known directory 'Bin': 'D:\Rotation-4\beachball-testing\beachball-testing\actions-runner\bin'
[2025-03-11 11:48:40Z INFO ConfigurationStore] binPath: D:\Rotation-4\beachball-testing\beachball-testing\actions-runner\bin
[2025-03-11 11:48:40Z INFO HostContext] Well known directory 'Bin': 'D:\Rotation-4\beachball-testing\beachball-testing\actions-runner\bin'
[2025-03-11 11:48:40Z INFO HostContext] Well known directory 'Root': 'D:\Rotation-4\beachball-testing\beachball-testing\actions-runner'
[2025-03-11 11:48:40Z INFO ConfigurationStore] RootFolder: D:\Rotation-4\beachball-testing\beachball-testing\actions-runner
[2025-03-11 11:48:40Z INFO HostContext] Well known directory 'Bin': 'D:\Rotation-4\beachball-testing\beachball-testing\actions-runner\bin'
[2025-03-11 11:48:40Z INFO HostContext] Well known directory 'Root': 'D:\Rotation-4\beachball-testing\beachball-testing\actions-runner'
[2025-03-11 11:48:40Z INFO HostContext] Well known config file 'Runner': 'D:\Rotation-4\beachball-testing\beachball-testing\actions-runner\.runner'
[2025-03-11 11:48:40Z INFO ConfigurationStore] ConfigFilePath: D:\Rotation-4\beachball-testing\beachball-testing\actions-runner\.runner
[2025-03-11 11:48:40Z INFO HostContext] Well known directory 'Bin': 'D:\Rotation-4\beachball-testing\beachball-testing\actions-runner\bin'
[2025-03-11 11:48:40Z INFO HostContext] Well known directory 'Root': 'D:\Rotation-4\beachball-testing\beachball-testing\actions-runner'
[2025-03-11 11:48:40Z INFO HostContext] Well known config file 'Credentials': 'D:\Rotation-4\beachball-testing\beachball-testing\actions-runner\.credentials'
[2025-03-11 11:48:40Z INFO ConfigurationStore] CredFilePath: D:\Rotation-4\beachball-testing\beachball-testing\actions-runner\.credentials
[2025-03-11 11:48:40Z INFO HostContext] Well known directory 'Bin': 'D:\Rotation-4\beachball-testing\beachball-testing\actions-runner\bin'
[2025-03-11 11:48:40Z INFO HostContext] Well known directory 'Root': 'D:\Rotation-4\beachball-testing\beachball-testing\actions-runner'
[2025-03-11 11:48:40Z INFO HostContext] Well known config file 'MigratedCredentials': 'D:\Rotation-4\beachball-testing\beachball-testing\actions-runner\.credentials_migrated'
[2025-03-11 11:48:40Z INFO ConfigurationStore] MigratedCredFilePath: D:\Rotation-4\beachball-testing\beachball-testing\actions-runner\.credentials_migrated
[2025-03-11 11:48:40Z INFO HostContext] Well known directory 'Bin': 'D:\Rotation-4\beachball-testing\beachball-testing\actions-runner\bin'
[2025-03-11 11:48:40Z INFO HostContext] Well known directory 'Root': 'D:\Rotation-4\beachball-testing\beachball-testing\actions-runner'
[2025-03-11 11:48:40Z INFO HostContext] Well known config file 'Service': 'D:\Rotation-4\beachball-testing\beachball-testing\actions-runner\.service'
[2025-03-11 11:48:40Z INFO ConfigurationStore] ServiceConfigFilePath: D:\Rotation-4\beachball-testing\beachball-testing\actions-runner\.service
[2025-03-11 11:48:40Z INFO ConfigurationStore] Read setting file: 319 chars
[2025-03-11 11:48:40Z INFO JobRunner] Creating job server with URL: https://pipelinesghubeus3.actions.githubusercontent.com/q5Gerjeupf3MOns6QsdTmmiTDcAQM41uY05YRC1UuUIGI1MOmd/
[2025-03-11 11:48:40Z INFO GitHubActionsService] Starting operation Location.GetConnectionData
[2025-03-11 11:48:40Z INFO Worker] Listening for cancel message from the channel.
[2025-03-11 11:48:40Z INFO Worker] Waiting for the job to complete or for a cancel message from the channel.
[2025-03-11 11:48:41Z INFO GitHubActionsService] Finished operation Location.GetConnectionData
[2025-03-11 11:48:41Z INFO JobServer] Creating websocket client ...wss://results-receiver.actions.githubusercontent.com/_ws/ingest.sock
[2025-03-11 11:48:41Z INFO JobServer] Attempting to start websocket client with delay 00:00:00.
[2025-03-11 11:48:41Z INFO JobServerQueue] Initializing results client
[2025-03-11 11:48:41Z INFO JobServerQueue] Start process web console line queue.
[2025-03-11 11:48:41Z INFO JobServerQueue] Start process file upload queue.
[2025-03-11 11:48:41Z INFO JobServerQueue] Start results file upload queue.
[2025-03-11 11:48:41Z INFO JobServerQueue] Starting results-based upload queue...
[2025-03-11 11:48:41Z INFO JobServerQueue] Start process timeline update queue.
[2025-03-11 11:48:41Z INFO ExecutionContext] Initialize GitHub context
[2025-03-11 11:48:41Z INFO ExecutionContext] Initialize Env context
[2025-03-11 11:48:41Z INFO HostContext] Well known directory 'Bin': 'D:\Rotation-4\beachball-testing\beachball-testing\actions-runner\bin'
[2025-03-11 11:48:41Z INFO HostContext] Well known directory 'Root': 'D:\Rotation-4\beachball-testing\beachball-testing\actions-runner'
[2025-03-11 11:48:41Z INFO HostContext] Well known directory 'Diag': 'D:\Rotation-4\beachball-testing\beachball-testing\actions-runner\_diag'
[2025-03-11 11:48:41Z INFO HostContext] Well known directory 'Bin': 'D:\Rotation-4\beachball-testing\beachball-testing\actions-runner\bin'
[2025-03-11 11:48:41Z INFO HostContext] Well known directory 'Root': 'D:\Rotation-4\beachball-testing\beachball-testing\actions-runner'
[2025-03-11 11:48:41Z INFO HostContext] Well known directory 'Diag': 'D:\Rotation-4\beachball-testing\beachball-testing\actions-runner\_diag'
[2025-03-11 11:48:41Z INFO JobRunner] Starting the job execution context.
[2025-03-11 11:48:41Z INFO HostContext] Well known directory 'Bin': 'D:\Rotation-4\beachball-testing\beachball-testing\actions-runner\bin'
[2025-03-11 11:48:41Z INFO HostContext] Well known directory 'Root': 'D:\Rotation-4\beachball-testing\beachball-testing\actions-runner'
[2025-03-11 11:48:41Z INFO HostContext] Well known directory 'Work': 'D:\Rotation-4\beachball-testing\beachball-testing\actions-runner\_work'
[2025-03-11 11:48:41Z INFO JobRunner] Validating directory permissions for: 'D:\Rotation-4\beachball-testing\beachball-testing\actions-runner\_work'
[2025-03-11 11:48:41Z INFO HostContext] Well known directory 'Bin': 'D:\Rotation-4\beachball-testing\beachball-testing\actions-runner\bin'
[2025-03-11 11:48:41Z INFO HostContext] Well known directory 'Root': 'D:\Rotation-4\beachball-testing\beachball-testing\actions-runner'
[2025-03-11 11:48:41Z INFO HostContext] Well known directory 'Work': 'D:\Rotation-4\beachball-testing\beachball-testing\actions-runner\_work'
[2025-03-11 11:48:41Z INFO HostContext] Well known directory 'Tools': 'D:\Rotation-4\beachball-testing\beachball-testing\actions-runner\_work\_tool'
[2025-03-11 11:48:41Z INFO HostContext] Well known directory 'Bin': 'D:\Rotation-4\beachball-testing\beachball-testing\actions-runner\bin'
[2025-03-11 11:48:41Z INFO HostContext] Well known directory 'Root': 'D:\Rotation-4\beachball-testing\beachball-testing\actions-runner'
[2025-03-11 11:48:41Z INFO HostContext] Well known directory 'Work': 'D:\Rotation-4\beachball-testing\beachball-testing\actions-runner\_work'
[2025-03-11 11:48:41Z INFO HostContext] Well known directory 'Temp': 'D:\Rotation-4\beachball-testing\beachball-testing\actions-runner\_work\_temp'
[2025-03-11 11:48:41Z INFO JobRunner] Getting job extension.
[2025-03-11 11:48:41Z INFO JobRunner] Initialize job. Getting all job steps.
[2025-03-11 11:48:41Z INFO HostContext] Well known directory 'Bin': 'D:\Rotation-4\beachball-testing\beachball-testing\actions-runner\bin'
[2025-03-11 11:48:41Z INFO HostContext] Well known directory 'Root': 'D:\Rotation-4\beachball-testing\beachball-testing\actions-runner'
[2025-03-11 11:48:41Z INFO HostContext] Well known directory 'Diag': 'D:\Rotation-4\beachball-testing\beachball-testing\actions-runner\_diag'
[2025-03-11 11:48:41Z INFO HostContext] Well known directory 'Bin': 'D:\Rotation-4\beachball-testing\beachball-testing\actions-runner\bin'
[2025-03-11 11:48:41Z INFO HostContext] Well known directory 'Root': 'D:\Rotation-4\beachball-testing\beachball-testing\actions-runner'
[2025-03-11 11:48:41Z INFO HostContext] Well known directory 'Diag': 'D:\Rotation-4\beachball-testing\beachball-testing\actions-runner\_diag'
[2025-03-11 11:48:41Z INFO HostContext] Well known directory 'Bin': 'D:\Rotation-4\beachball-testing\beachball-testing\actions-runner\bin'
[2025-03-11 11:48:41Z INFO HostContext] Well known directory 'Root': 'D:\Rotation-4\beachball-testing\beachball-testing\actions-runner'
[2025-03-11 11:48:41Z INFO HostContext] Well known config file 'Credentials': 'D:\Rotation-4\beachball-testing\beachball-testing\actions-runner\.credentials'
[2025-03-11 11:48:41Z INFO HostContext] Well known directory 'Bin': 'D:\Rotation-4\beachball-testing\beachball-testing\actions-runner\bin'
[2025-03-11 11:48:41Z INFO HostContext] Well known directory 'Root': 'D:\Rotation-4\beachball-testing\beachball-testing\actions-runner'
[2025-03-11 11:48:41Z INFO HostContext] Well known config file 'SetupInfo': 'D:\Rotation-4\beachball-testing\beachball-testing\actions-runner\.setup_info'
[2025-03-11 11:48:41Z INFO HostContext] Well known directory 'Bin': 'D:\Rotation-4\beachball-testing\beachball-testing\actions-runner\bin'
[2025-03-11 11:48:41Z INFO HostContext] Well known directory 'Root': 'D:\Rotation-4\beachball-testing\beachball-testing\actions-runner'
[2025-03-11 11:48:41Z INFO HostContext] Well known directory 'Work': 'D:\Rotation-4\beachball-testing\beachball-testing\actions-runner\_work'
[2025-03-11 11:48:41Z INFO PipelineDirectoryManager] Loading tracking config if exists: D:\Rotation-4\beachball-testing\beachball-testing\actions-runner\_work\_PipelineMapping\dp-test-org-1/beachball-testing\PipelineFolder.json
[2025-03-11 11:48:41Z INFO PipelineDirectoryManager] Creating a new tracking config file.
[2025-03-11 11:48:41Z INFO HostContext] Well known directory 'Bin': 'D:\Rotation-4\beachball-testing\beachball-testing\actions-runner\bin'
[2025-03-11 11:48:41Z INFO HostContext] Well known directory 'Root': 'D:\Rotation-4\beachball-testing\beachball-testing\actions-runner'
[2025-03-11 11:48:41Z INFO HostContext] Well known directory 'Work': 'D:\Rotation-4\beachball-testing\beachball-testing\actions-runner\_work'
[2025-03-11 11:48:41Z INFO PipelineDirectoryManager] Creating pipeline directory.
[2025-03-11 11:48:41Z INFO HostContext] Well known directory 'Bin': 'D:\Rotation-4\beachball-testing\beachball-testing\actions-runner\bin'
[2025-03-11 11:48:41Z INFO HostContext] Well known directory 'Root': 'D:\Rotation-4\beachball-testing\beachball-testing\actions-runner'
[2025-03-11 11:48:41Z INFO HostContext] Well known directory 'Work': 'D:\Rotation-4\beachball-testing\beachball-testing\actions-runner\_work'
[2025-03-11 11:48:41Z INFO PipelineDirectoryManager] Creating workspace directory.
[2025-03-11 11:48:41Z INFO HostContext] Well known directory 'Bin': 'D:\Rotation-4\beachball-testing\beachball-testing\actions-runner\bin'
[2025-03-11 11:48:41Z INFO HostContext] Well known directory 'Root': 'D:\Rotation-4\beachball-testing\beachball-testing\actions-runner'
[2025-03-11 11:48:41Z INFO HostContext] Well known directory 'Work': 'D:\Rotation-4\beachball-testing\beachball-testing\actions-runner\_work'
[2025-03-11 11:48:41Z INFO JobExtension] Downloading actions
[2025-03-11 11:48:41Z INFO HostContext] Well known directory 'Bin': 'D:\Rotation-4\beachball-testing\beachball-testing\actions-runner\bin'
[2025-03-11 11:48:41Z INFO HostContext] Well known directory 'Root': 'D:\Rotation-4\beachball-testing\beachball-testing\actions-runner'
[2025-03-11 11:48:41Z INFO HostContext] Well known directory 'Work': 'D:\Rotation-4\beachball-testing\beachball-testing\actions-runner\_work'
[2025-03-11 11:48:41Z INFO HostContext] Well known directory 'Actions': 'D:\Rotation-4\beachball-testing\beachball-testing\actions-runner\_work\_actions'
[2025-03-11 11:48:41Z INFO JobExtension] Adding .
[2025-03-11 11:48:41Z INFO JobExtension] Adding .
[2025-03-11 11:48:41Z INFO HostContext] Well known directory 'Bin': 'D:\Rotation-4\beachball-testing\beachball-testing\actions-runner\bin'
[2025-03-11 11:48:41Z INFO HostContext] Well known directory 'Root': 'D:\Rotation-4\beachball-testing\beachball-testing\actions-runner'
[2025-03-11 11:48:41Z INFO HostContext] Well known directory 'Diag': 'D:\Rotation-4\beachball-testing\beachball-testing\actions-runner\_diag'
[2025-03-11 11:48:41Z INFO HostContext] Well known directory 'Bin': 'D:\Rotation-4\beachball-testing\beachball-testing\actions-runner\bin'
[2025-03-11 11:48:41Z INFO HostContext] Well known directory 'Root': 'D:\Rotation-4\beachball-testing\beachball-testing\actions-runner'
[2025-03-11 11:48:41Z INFO HostContext] Well known directory 'Diag': 'D:\Rotation-4\beachball-testing\beachball-testing\actions-runner\_diag'
[2025-03-11 11:48:41Z INFO HostContext] Well known directory 'Bin': 'D:\Rotation-4\beachball-testing\beachball-testing\actions-runner\bin'
[2025-03-11 11:48:41Z INFO HostContext] Well known directory 'Root': 'D:\Rotation-4\beachball-testing\beachball-testing\actions-runner'
[2025-03-11 11:48:41Z INFO HostContext] Well known directory 'Diag': 'D:\Rotation-4\beachball-testing\beachball-testing\actions-runner\_diag'
[2025-03-11 11:48:41Z INFO HostContext] Well known directory 'Bin': 'D:\Rotation-4\beachball-testing\beachball-testing\actions-runner\bin'
[2025-03-11 11:48:41Z INFO HostContext] Well known directory 'Root': 'D:\Rotation-4\beachball-testing\beachball-testing\actions-runner'
[2025-03-11 11:48:41Z INFO HostContext] Well known directory 'Diag': 'D:\Rotation-4\beachball-testing\beachball-testing\actions-runner\_diag'
[2025-03-11 11:48:41Z INFO JobExtension] Total accessible running process: 416.
[2025-03-11 11:48:41Z INFO HostContext] Well known directory 'Bin': 'D:\Rotation-4\beachball-testing\beachball-testing\actions-runner\bin'
[2025-03-11 11:48:41Z INFO HostContext] Well known directory 'Root': 'D:\Rotation-4\beachball-testing\beachball-testing\actions-runner'
[2025-03-11 11:48:41Z INFO HostContext] Well known directory 'Work': 'D:\Rotation-4\beachball-testing\beachball-testing\actions-runner\_work'
[2025-03-11 11:48:41Z INFO JobExtension] Start checking server connectivity.
[2025-03-11 11:48:41Z INFO JobExtension] Check server connectivity for https://acghubeus0.actions.githubusercontent.com/_apis/health.
[2025-03-11 11:48:41Z INFO JobExtension] Check server connectivity for https://results-receiver.actions.githubusercontent.com/health.
[2025-03-11 11:48:41Z INFO JobExtension] Check server connectivity for https://pkg.actions.githubusercontent.com/health.
[2025-03-11 11:48:41Z INFO JobExtension] Check server connectivity for https://actions-results-receiver-production.githubapp.com/health.
[2025-03-11 11:48:41Z INFO JobExtension] Check server connectivity for https://run-actions-2-azure-eastus.actions.githubusercontent.com/12/health.
[2025-03-11 11:48:41Z INFO JobExtension] Check server connectivity for https://pipelinesghubeus3.actions.githubusercontent.com/_apis/health.
[2025-03-11 11:48:41Z INFO JobExtension] Start checking service connectivity in background.
[2025-03-11 11:48:41Z INFO ExecutionContext] Publish step telemetry for current step {
  "action": "setup_job",
  "type": "runner",
  "stage": "Pre",
  "stepId": "528c6161-3941-46d3-95e2-6af68b416731",
  "result": "succeeded",
  "errorMessages": [],
  "executionTimeInSeconds": 1,
  "startTime": "2025-03-11T11:48:41.876949Z",
  "finishTime": "2025-03-11T11:48:41.9808005Z"
}.
[2025-03-11 11:48:41Z INFO JobRunner] Total job steps: 2.
[2025-03-11 11:48:41Z INFO JobRunner] Run all job steps.
[2025-03-11 11:48:41Z INFO StepsRunner] Processing step: DisplayName='Check if user is authorized'
[2025-03-11 11:48:42Z INFO StepsRunner] Evaluating: success()
[2025-03-11 11:48:42Z INFO StepsRunner] Result: true
[2025-03-11 11:48:42Z INFO StepsRunner] Starting the step.
[2025-03-11 11:48:42Z INFO HostContext] Well known directory 'Bin': 'D:\Rotation-4\beachball-testing\beachball-testing\actions-runner\bin'
[2025-03-11 11:48:42Z INFO HostContext] Well known directory 'Root': 'D:\Rotation-4\beachball-testing\beachball-testing\actions-runner'
[2025-03-11 11:48:42Z INFO HostContext] Well known directory 'Work': 'D:\Rotation-4\beachball-testing\beachball-testing\actions-runner\_work'
[2025-03-11 11:48:42Z INFO StepsRunner] Which2: 'chcp'
[2025-03-11 11:48:42Z INFO StepsRunner] Location: 'C:\WINDOWS\system32\chcp.COM'
[2025-03-11 11:48:42Z INFO ProcessInvokerWrapper] Starting process:
[2025-03-11 11:48:42Z INFO ProcessInvokerWrapper]   File name: 'C:\WINDOWS\system32\chcp.COM'
[2025-03-11 11:48:42Z INFO ProcessInvokerWrapper]   Arguments: '65001'
[2025-03-11 11:48:42Z INFO ProcessInvokerWrapper]   Working directory: 'D:\Rotation-4\beachball-testing\beachball-testing\actions-runner\_work'
[2025-03-11 11:48:42Z INFO ProcessInvokerWrapper]   Require exit code zero: 'False'
[2025-03-11 11:48:42Z INFO ProcessInvokerWrapper]   Encoding web name:  ; code page: ''
[2025-03-11 11:48:42Z INFO ProcessInvokerWrapper]   Force kill process on cancellation: 'False'
[2025-03-11 11:48:42Z INFO ProcessInvokerWrapper]   Redirected STDIN: 'False'
[2025-03-11 11:48:42Z INFO ProcessInvokerWrapper]   Persist current code page: 'True'
[2025-03-11 11:48:42Z INFO ProcessInvokerWrapper]   Keep redirected STDIN open: 'False'
[2025-03-11 11:48:42Z INFO ProcessInvokerWrapper]   High priority process: 'False'
[2025-03-11 11:48:42Z INFO ProcessInvokerWrapper] Process started with process id 46836, waiting for process exit.
[2025-03-11 11:48:42Z INFO ProcessInvokerWrapper] STDOUT/STDERR stream read finished.
[2025-03-11 11:48:42Z INFO ProcessInvokerWrapper] STDOUT/STDERR stream read finished.
[2025-03-11 11:48:42Z INFO ProcessInvokerWrapper] Finished process 46836 with exit code 0, and elapsed time 00:00:00.3006453.
[2025-03-11 11:48:42Z INFO StepsRunner] Successfully returned to code page 65001 (UTF8)
[2025-03-11 11:48:42Z INFO HostContext] Well known directory 'Bin': 'D:\Rotation-4\beachball-testing\beachball-testing\actions-runner\bin'
[2025-03-11 11:48:42Z INFO HostContext] Well known directory 'Root': 'D:\Rotation-4\beachball-testing\beachball-testing\actions-runner'
[2025-03-11 11:48:42Z INFO HostContext] Well known directory 'Work': 'D:\Rotation-4\beachball-testing\beachball-testing\actions-runner\_work'
[2025-03-11 11:48:42Z INFO HostContext] Well known directory 'Temp': 'D:\Rotation-4\beachball-testing\beachball-testing\actions-runner\_work\_temp'
[2025-03-11 11:48:42Z INFO ExecutionContext] Write event payload to D:\Rotation-4\beachball-testing\beachball-testing\actions-runner\_work\_temp\_github_workflow\event.json
[2025-03-11 11:48:42Z INFO HostContext] Well known directory 'Bin': 'D:\Rotation-4\beachball-testing\beachball-testing\actions-runner\bin'
[2025-03-11 11:48:42Z INFO HostContext] Well known directory 'Root': 'D:\Rotation-4\beachball-testing\beachball-testing\actions-runner'
[2025-03-11 11:48:42Z INFO HostContext] Well known directory 'Work': 'D:\Rotation-4\beachball-testing\beachball-testing\actions-runner\_work'
[2025-03-11 11:48:42Z INFO HostContext] Well known directory 'Temp': 'D:\Rotation-4\beachball-testing\beachball-testing\actions-runner\_work\_temp'
[2025-03-11 11:48:42Z INFO ExtensionManager] Getting extensions for interface: 'GitHub.Runner.Worker.IFileCommandExtension'
[2025-03-11 11:48:42Z INFO ExtensionManager] Creating instance: GitHub.Runner.Worker.AddPathFileCommand, Runner.Worker
[2025-03-11 11:48:42Z INFO ExtensionManager] Creating instance: GitHub.Runner.Worker.SetEnvFileCommand, Runner.Worker
[2025-03-11 11:48:42Z INFO ExtensionManager] Creating instance: GitHub.Runner.Worker.CreateStepSummaryCommand, Runner.Worker
[2025-03-11 11:48:42Z INFO ExtensionManager] Creating instance: GitHub.Runner.Worker.SaveStateFileCommand, Runner.Worker
[2025-03-11 11:48:42Z INFO ExtensionManager] Creating instance: GitHub.Runner.Worker.SetOutputFileCommand, Runner.Worker
[2025-03-11 11:48:42Z INFO ExtensionManager] Getting extensions for interface: 'GitHub.Runner.Worker.IActionCommandExtension'
[2025-03-11 11:48:42Z INFO ExtensionManager] Creating instance: GitHub.Runner.Worker.InternalPluginSetRepoPathCommandExtension, Runner.Worker
[2025-03-11 11:48:42Z INFO ExtensionManager] Creating instance: GitHub.Runner.Worker.SetEnvCommandExtension, Runner.Worker
[2025-03-11 11:48:42Z INFO ExtensionManager] Creating instance: GitHub.Runner.Worker.SetOutputCommandExtension, Runner.Worker
[2025-03-11 11:48:42Z INFO ExtensionManager] Creating instance: GitHub.Runner.Worker.SaveStateCommandExtension, Runner.Worker
[2025-03-11 11:48:42Z INFO ExtensionManager] Creating instance: GitHub.Runner.Worker.AddPathCommandExtension, Runner.Worker
[2025-03-11 11:48:42Z INFO ExtensionManager] Creating instance: GitHub.Runner.Worker.AddMaskCommandExtension, Runner.Worker
[2025-03-11 11:48:42Z INFO ExtensionManager] Creating instance: GitHub.Runner.Worker.AddMatcherCommandExtension, Runner.Worker
[2025-03-11 11:48:42Z INFO ExtensionManager] Creating instance: GitHub.Runner.Worker.RemoveMatcherCommandExtension, Runner.Worker
[2025-03-11 11:48:42Z INFO ExtensionManager] Creating instance: GitHub.Runner.Worker.WarningCommandExtension, Runner.Worker
[2025-03-11 11:48:42Z INFO ExtensionManager] Creating instance: GitHub.Runner.Worker.ErrorCommandExtension, Runner.Worker
[2025-03-11 11:48:42Z INFO ExtensionManager] Creating instance: GitHub.Runner.Worker.NoticeCommandExtension, Runner.Worker
[2025-03-11 11:48:42Z INFO ExtensionManager] Creating instance: GitHub.Runner.Worker.DebugCommandExtension, Runner.Worker
[2025-03-11 11:48:42Z INFO ExtensionManager] Creating instance: GitHub.Runner.Worker.GroupCommandExtension, Runner.Worker
[2025-03-11 11:48:42Z INFO ExtensionManager] Creating instance: GitHub.Runner.Worker.EndGroupCommandExtension, Runner.Worker
[2025-03-11 11:48:42Z INFO ExtensionManager] Creating instance: GitHub.Runner.Worker.EchoCommandExtension, Runner.Worker
[2025-03-11 11:48:42Z INFO ActionCommandManager] Register action command extension for command internal-set-repo-path
[2025-03-11 11:48:42Z INFO ActionCommandManager] Register action command extension for command set-env
[2025-03-11 11:48:42Z INFO ActionCommandManager] Register action command extension for command set-output
[2025-03-11 11:48:42Z INFO ActionCommandManager] Register action command extension for command save-state
[2025-03-11 11:48:42Z INFO ActionCommandManager] Register action command extension for command add-path
[2025-03-11 11:48:42Z INFO ActionCommandManager] Register action command extension for command add-mask
[2025-03-11 11:48:42Z INFO ActionCommandManager] Register action command extension for command add-matcher
[2025-03-11 11:48:42Z INFO ActionCommandManager] Register action command extension for command remove-matcher
[2025-03-11 11:48:42Z INFO ActionCommandManager] Register action command extension for command warning
[2025-03-11 11:48:42Z INFO ActionCommandManager] Register action command extension for command error
[2025-03-11 11:48:42Z INFO ActionCommandManager] Register action command extension for command notice
[2025-03-11 11:48:42Z INFO ActionCommandManager] Register action command extension for command debug
[2025-03-11 11:48:42Z INFO ActionCommandManager] Register action command extension for command group
[2025-03-11 11:48:42Z INFO ActionCommandManager] Register action command extension for command endgroup
[2025-03-11 11:48:42Z INFO ActionCommandManager] Register action command extension for command echo
[2025-03-11 11:48:42Z INFO ScriptHandler] Which2: 'pwsh'
[2025-03-11 11:48:42Z INFO ScriptHandler] pwsh: command not found. Make sure 'pwsh' is installed and its location included in the 'Path' environment variable.
[2025-03-11 11:48:42Z INFO ScriptHandler] Defaulting to powershell
[2025-03-11 11:48:42Z INFO ScriptHandler] Which2: 'powershell'
[2025-03-11 11:48:42Z INFO ScriptHandler] Location: 'C:\WINDOWS\System32\WindowsPowerShell\v1.0\powershell.EXE'
[2025-03-11 11:48:42Z INFO HostContext] Well known directory 'Bin': 'D:\Rotation-4\beachball-testing\beachball-testing\actions-runner\bin'
[2025-03-11 11:48:42Z INFO HostContext] Well known directory 'Root': 'D:\Rotation-4\beachball-testing\beachball-testing\actions-runner'
[2025-03-11 11:48:42Z INFO HostContext] Well known directory 'Work': 'D:\Rotation-4\beachball-testing\beachball-testing\actions-runner\_work'
[2025-03-11 11:48:42Z INFO HostContext] Well known directory 'Temp': 'D:\Rotation-4\beachball-testing\beachball-testing\actions-runner\_work\_temp'
[2025-03-11 11:48:42Z INFO ScriptHandler] Which2: 'pwsh'
[2025-03-11 11:48:42Z INFO ScriptHandler] pwsh: command not found. Make sure 'pwsh' is installed and its location included in the 'Path' environment variable.
[2025-03-11 11:48:42Z INFO ScriptHandler] Defaulting to powershell
[2025-03-11 11:48:42Z INFO ScriptHandler] Which2: 'powershell'
[2025-03-11 11:48:42Z INFO ScriptHandler] Location: 'C:\WINDOWS\System32\WindowsPowerShell\v1.0\powershell.EXE'
[2025-03-11 11:48:42Z INFO ProcessInvokerWrapper] Starting process:
[2025-03-11 11:48:42Z INFO ProcessInvokerWrapper]   File name: 'C:\WINDOWS\System32\WindowsPowerShell\v1.0\powershell.EXE'
[2025-03-11 11:48:42Z INFO ProcessInvokerWrapper]   Arguments: '-command ". 'D:\Rotation-4\beachball-testing\beachball-testing\actions-runner\_work\_temp\5697b7c8-0e2e-4386-bb5a-d1e9867ddab8.ps1'"'
[2025-03-11 11:48:42Z INFO ProcessInvokerWrapper]   Working directory: 'D:\Rotation-4\beachball-testing\beachball-testing\actions-runner\_work\beachball-testing\beachball-testing'
[2025-03-11 11:48:42Z INFO ProcessInvokerWrapper]   Require exit code zero: 'False'
[2025-03-11 11:48:42Z INFO ProcessInvokerWrapper]   Encoding web name:  ; code page: ''
[2025-03-11 11:48:42Z INFO ProcessInvokerWrapper]   Force kill process on cancellation: 'False'
[2025-03-11 11:48:42Z INFO ProcessInvokerWrapper]   Redirected STDIN: 'False'
[2025-03-11 11:48:42Z INFO ProcessInvokerWrapper]   Persist current code page: 'True'
[2025-03-11 11:48:42Z INFO ProcessInvokerWrapper]   Keep redirected STDIN open: 'False'
[2025-03-11 11:48:42Z INFO ProcessInvokerWrapper]   High priority process: 'False'
[2025-03-11 11:48:42Z INFO ProcessInvokerWrapper] Process started with process id 21396, waiting for process exit.
[2025-03-11 11:48:42Z INFO JobServer] Successfully started websocket client.
[2025-03-11 11:48:42Z INFO JobServerQueue] Try to append 1 batches web console lines for record '528c6161-3941-46d3-95e2-6af68b416731', success rate: 1/1.
[2025-03-11 11:48:42Z INFO JobServerQueue] Got a step log file to send to results service.
[2025-03-11 11:48:42Z INFO JobServerQueue] Starting upload of step log file to results service ResultsLog, D:\Rotation-4\beachball-testing\beachball-testing\actions-runner\_diag\blocks\60f2a319-16ac-4052-9cb1-0d42714cfb4c_528c6161-3941-46d3-95e2-6af68b416731.1
[2025-03-11 11:48:42Z INFO JobServerQueue] Try to append 1 batches web console lines for record 'd76e9b89-a24e-5e2a-fe6e-4eb9eb5df19f', success rate: 1/1.
[2025-03-11 11:48:43Z INFO ProcessInvokerWrapper] STDOUT/STDERR stream read finished.
[2025-03-11 11:48:43Z INFO ProcessInvokerWrapper] STDOUT/STDERR stream read finished.
[2025-03-11 11:48:43Z INFO ProcessInvokerWrapper] Finished process 21396 with exit code 1, and elapsed time 00:00:00.5770698.
[2025-03-11 11:48:43Z INFO CreateStepSummaryCommand] Step Summary file (D:\Rotation-4\beachball-testing\beachball-testing\actions-runner\_work\_temp\_runner_file_commands\step_summary_fdb490d7-0177-4e41-ad7a-168c4b3c1510) is empty; skipping attachment upload
[2025-03-11 11:48:43Z INFO StepsRunner] Step result: Failed
[2025-03-11 11:48:43Z INFO ExecutionContext] Publish step telemetry for current step {
  "action": "powershell",
  "type": "run",
  "stage": "Main",
  "stepId": "d76e9b89-a24e-5e2a-fe6e-4eb9eb5df19f",
  "stepContextName": "__run",
  "result": "failed",
  "errorMessages": [
    "Process completed with exit code 1."
  ],
  "executionTimeInSeconds": 2,
  "startTime": "2025-03-11T11:48:41.9950295Z",
  "finishTime": "2025-03-11T11:48:43.0421173Z"
}.
[2025-03-11 11:48:43Z INFO StepsRunner] Update job result with current step result 'Failed'.
[2025-03-11 11:48:43Z INFO StepsRunner] Current state: job state = 'Failed'
[2025-03-11 11:48:43Z INFO StepsRunner] Processing step: DisplayName='Run tests'
[2025-03-11 11:48:43Z INFO StepsRunner] Evaluating: success()
[2025-03-11 11:48:43Z INFO StepsRunner] Result: false
[2025-03-11 11:48:43Z INFO StepsRunner] Skipping step due to condition evaluation.
[2025-03-11 11:48:43Z INFO StepsRunner] No need for updating job result with current step result 'Skipped'.
[2025-03-11 11:48:43Z INFO StepsRunner] Current state: job state = 'Failed'
[2025-03-11 11:48:43Z INFO JobRunner] Finalize job.
[2025-03-11 11:48:43Z INFO HostContext] Well known directory 'Bin': 'D:\Rotation-4\beachball-testing\beachball-testing\actions-runner\bin'
[2025-03-11 11:48:43Z INFO HostContext] Well known directory 'Root': 'D:\Rotation-4\beachball-testing\beachball-testing\actions-runner'
[2025-03-11 11:48:43Z INFO HostContext] Well known directory 'Diag': 'D:\Rotation-4\beachball-testing\beachball-testing\actions-runner\_diag'
[2025-03-11 11:48:43Z INFO HostContext] Well known directory 'Bin': 'D:\Rotation-4\beachball-testing\beachball-testing\actions-runner\bin'
[2025-03-11 11:48:43Z INFO HostContext] Well known directory 'Root': 'D:\Rotation-4\beachball-testing\beachball-testing\actions-runner'
[2025-03-11 11:48:43Z INFO HostContext] Well known directory 'Diag': 'D:\Rotation-4\beachball-testing\beachball-testing\actions-runner\_diag'
[2025-03-11 11:48:43Z INFO JobExtension] Initialize Env context
[2025-03-11 11:48:43Z INFO JobExtension] Initialize steps context
[2025-03-11 11:48:43Z INFO JobExtension] Total accessible running process: 416.
[2025-03-11 11:48:43Z INFO JobExtension] Wait for all connectivity checks to finish.
[2025-03-11 11:48:43Z INFO JobExtension] Connectivity check result: GitHub.Runner.Worker.JobExtension+CheckResult
[2025-03-11 11:48:43Z INFO JobExtension] Connectivity check result: GitHub.Runner.Worker.JobExtension+CheckResult
[2025-03-11 11:48:43Z INFO JobExtension] Connectivity check result: GitHub.Runner.Worker.JobExtension+CheckResult
[2025-03-11 11:48:43Z INFO JobExtension] Connectivity check result: GitHub.Runner.Worker.JobExtension+CheckResult
[2025-03-11 11:48:43Z INFO JobExtension] Connectivity check result: GitHub.Runner.Worker.JobExtension+CheckResult
[2025-03-11 11:48:43Z INFO JobExtension] Connectivity check result: GitHub.Runner.Worker.JobExtension+CheckResult
[2025-03-11 11:48:43Z INFO ExecutionContext] Publish step telemetry for current step {
  "action": "complete_job",
  "type": "runner",
  "stage": "Post",
  "stepId": "48a7f0fb-1a6b-4d9e-918a-acffaea25efb",
  "result": "succeeded",
  "errorMessages": [],
  "executionTimeInSeconds": 1,
  "startTime": "2025-03-11T11:48:43.0640457Z",
  "finishTime": "2025-03-11T11:48:43.0811861Z"
}.
[2025-03-11 11:48:43Z INFO JobRunner] Job result after all job steps finish: Failed
[2025-03-11 11:48:43Z INFO JobRunner] Completing the job execution context.
[2025-03-11 11:48:43Z INFO JobRunner] Shutting down the job server queue.
[2025-03-11 11:48:43Z INFO JobServerQueue] Fire signal to shutdown all queues.
[2025-03-11 11:48:43Z INFO JobServerQueue] Try to upload 1 log files or attachments, success rate: 1/1.
[2025-03-11 11:48:43Z INFO JobServerQueue] Job timeline record has been updated for the first time.
[2025-03-11 11:48:44Z INFO JobServerQueue] Tried to upload 1 file(s) to results, success rate: 1/1.
[2025-03-11 11:48:45Z INFO JobServerQueue] All queue process task stopped.
[2025-03-11 11:48:45Z INFO JobServerQueue] Try to append 1 batches web console lines for record 'd76e9b89-a24e-5e2a-fe6e-4eb9eb5df19f', success rate: 1/1.
[2025-03-11 11:48:45Z INFO JobServerQueue] Try to append 1 batches web console lines for record '48a7f0fb-1a6b-4d9e-918a-acffaea25efb', success rate: 1/1.
[2025-03-11 11:48:45Z INFO JobServerQueue] Web console line queue drained.
[2025-03-11 11:48:45Z INFO JobServerQueue] Uploading 3 files in one shot.
[2025-03-11 11:48:46Z INFO JobServerQueue] Try to upload 3 log files or attachments, success rate: 3/3.
[2025-03-11 11:48:46Z INFO JobServerQueue] File upload queue drained.
[2025-03-11 11:48:46Z INFO JobServerQueue] Starting results-based upload queue...
[2025-03-11 11:48:46Z INFO JobServerQueue] Uploading 3 file(s) in one shot through results service.
[2025-03-11 11:48:46Z INFO JobServerQueue] Got a step log file to send to results service.
[2025-03-11 11:48:46Z INFO JobServerQueue] Starting upload of step log file to results service ResultsLog, D:\Rotation-4\beachball-testing\beachball-testing\actions-runner\_diag\blocks\60f2a319-16ac-4052-9cb1-0d42714cfb4c_d76e9b89-a24e-5e2a-fe6e-4eb9eb5df19f.1
[2025-03-11 11:48:47Z INFO JobServerQueue] Got a step log file to send to results service.
[2025-03-11 11:48:47Z INFO JobServerQueue] Starting upload of step log file to results service ResultsLog, D:\Rotation-4\beachball-testing\beachball-testing\actions-runner\_diag\blocks\60f2a319-16ac-4052-9cb1-0d42714cfb4c_48a7f0fb-1a6b-4d9e-918a-acffaea25efb.1
[2025-03-11 11:48:48Z INFO JobServerQueue] Got a job log file to send to results service.
[2025-03-11 11:48:48Z INFO JobServerQueue] Starting upload of job log file to results service ResultsLog, D:\Rotation-4\beachball-testing\beachball-testing\actions-runner\_diag\blocks\60f2a319-16ac-4052-9cb1-0d42714cfb4c_ef0b5876-51d0-5ce5-80b6-933607afbc0c.1
[2025-03-11 11:48:49Z INFO JobServerQueue] Tried to upload 3 file(s) to results, success rate: 3/3.
[2025-03-11 11:48:49Z INFO JobServerQueue] Results upload queue drained.
[2025-03-11 11:48:49Z INFO JobServerQueue] Timeline update queue drained.
[2025-03-11 11:48:49Z INFO JobServerQueue] Disposing job server ...
[2025-03-11 11:48:49Z INFO JobServerQueue] Disposing results server ...
[2025-03-11 11:48:49Z INFO JobServerQueue] All queue process tasks have been stopped, and all queues are drained.
[2025-03-11 11:48:49Z INFO JobServerQueue] Actions upload time: 1779 ms, Result upload time: 4005 ms
[2025-03-11 11:48:49Z INFO TempDirectoryManager] Cleaning runner temp folder: D:\Rotation-4\beachball-testing\beachball-testing\actions-runner\_work\_temp
[2025-03-11 11:48:49Z INFO HostContext] Well known directory 'Bin': 'D:\Rotation-4\beachball-testing\beachball-testing\actions-runner\bin'
[2025-03-11 11:48:49Z INFO HostContext] Well known directory 'Root': 'D:\Rotation-4\beachball-testing\beachball-testing\actions-runner'
[2025-03-11 11:48:49Z INFO HostContext] Well known directory 'Diag': 'D:\Rotation-4\beachball-testing\beachball-testing\actions-runner\_diag'
[2025-03-11 11:48:49Z INFO HostContext] Well known config file 'Telemetry': 'D:\Rotation-4\beachball-testing\beachball-testing\actions-runner\_diag\.telemetry'
[2025-03-11 11:48:49Z INFO JobRunner] Raising job completed event
[2025-03-11 11:48:49Z INFO Worker] Job completed.
